{"/home/travis/build/npmtest/node-npmtest-elementtree/test.js":{"path":"/home/travis/build/npmtest/node-npmtest-elementtree/test.js","s":{"1":2,"2":2,"3":2,"4":2,"5":2,"6":2,"7":2,"8":1,"9":2,"10":2,"11":1,"12":1,"13":1,"14":1,"15":2,"16":2,"17":2,"18":2,"19":1,"20":1,"21":2,"22":2,"23":2,"24":1,"25":1,"26":1,"27":1,"28":1,"29":1,"30":1,"31":1,"32":1,"33":1,"34":1,"35":1,"36":1,"37":1,"38":1,"39":2,"40":2,"41":1,"42":2,"43":2,"44":1,"45":2,"46":2,"47":1,"48":2,"49":2,"50":1,"51":1,"52":1,"53":1,"54":1},"b":{"1":[2,1,1,1],"2":[1,1,1,1],"3":[1,1],"4":[1,1],"5":[1,1],"6":[1,1],"7":[1,1],"8":[1,1],"9":[1,1],"10":[1,1,1],"11":[1,1],"12":[1,1],"13":[1,1],"14":[1,1],"15":[1,1],"16":[1,1],"17":[1,1]},"f":{"1":2,"2":2,"3":2,"4":2,"5":2,"6":1,"7":1,"8":1,"9":2,"10":2,"11":2,"12":2,"13":1},"fnMap":{"1":{"name":"(anonymous_1)","line":12,"loc":{"start":{"line":12,"column":1},"end":{"line":12,"column":13}}},"2":{"name":"(anonymous_2)","line":19,"loc":{"start":{"line":19,"column":5},"end":{"line":19,"column":17}}},"3":{"name":"(anonymous_3)","line":23,"loc":{"start":{"line":23,"column":24},"end":{"line":23,"column":36}}},"4":{"name":"(anonymous_4)","line":61,"loc":{"start":{"line":61,"column":5},"end":{"line":61,"column":17}}},"5":{"name":"(anonymous_5)","line":82,"loc":{"start":{"line":82,"column":5},"end":{"line":82,"column":17}}},"6":{"name":"(anonymous_6)","line":91,"loc":{"start":{"line":91,"column":77},"end":{"line":94,"column":10}}},"7":{"name":"(anonymous_7)","line":112,"loc":{"start":{"line":112,"column":83},"end":{"line":115,"column":10}},"skip":true},"8":{"name":"(anonymous_8)","line":123,"loc":{"start":{"line":123,"column":77},"end":{"line":126,"column":10}},"skip":true},"9":{"name":"(anonymous_9)","line":139,"loc":{"start":{"line":139,"column":12},"end":{"line":139,"column":40}},"skip":true},"10":{"name":"(anonymous_10)","line":147,"loc":{"start":{"line":147,"column":77},"end":{"line":150,"column":10}},"skip":true},"11":{"name":"(anonymous_11)","line":158,"loc":{"start":{"line":158,"column":83},"end":{"line":161,"column":10}},"skip":true},"12":{"name":"(anonymous_12)","line":169,"loc":{"start":{"line":169,"column":79},"end":{"line":172,"column":10}},"skip":true},"13":{"name":"(anonymous_13)","line":180,"loc":{"start":{"line":180,"column":75},"end":{"line":183,"column":10}},"skip":true}},"statementMap":{"1":{"start":{"line":12,"column":0},"end":{"line":195,"column":5}},"2":{"start":{"line":14,"column":4},"end":{"line":14,"column":14}},"3":{"start":{"line":19,"column":4},"end":{"line":56,"column":9}},"4":{"start":{"line":21,"column":8},"end":{"line":21,"column":19}},"5":{"start":{"line":23,"column":8},"end":{"line":35,"column":13}},"6":{"start":{"line":24,"column":12},"end":{"line":34,"column":13}},"7":{"start":{"line":25,"column":16},"end":{"line":28,"column":30}},"8":{"start":{"line":30,"column":16},"end":{"line":33,"column":27}},"9":{"start":{"line":37,"column":8},"end":{"line":39,"column":21}},"10":{"start":{"line":40,"column":8},"end":{"line":53,"column":9}},"11":{"start":{"line":43,"column":12},"end":{"line":46,"column":14}},"12":{"start":{"line":47,"column":12},"end":{"line":47,"column":18}},"13":{"start":{"line":50,"column":12},"end":{"line":51,"column":46}},"14":{"start":{"line":52,"column":12},"end":{"line":52,"column":18}},"15":{"start":{"line":55,"column":8},"end":{"line":55,"column":35}},"16":{"start":{"line":61,"column":4},"end":{"line":63,"column":9}},"17":{"start":{"line":62,"column":8},"end":{"line":62,"column":15}},"18":{"start":{"line":64,"column":4},"end":{"line":77,"column":5}},"19":{"start":{"line":70,"column":8},"end":{"line":70,"column":14}},"20":{"start":{"line":76,"column":8},"end":{"line":76,"column":14}},"21":{"start":{"line":82,"column":4},"end":{"line":84,"column":9}},"22":{"start":{"line":83,"column":8},"end":{"line":83,"column":15}},"23":{"start":{"line":85,"column":4},"end":{"line":194,"column":5}},"24":{"start":{"line":91,"column":8},"end":{"line":99,"column":10}},"25":{"start":{"line":98,"column":12},"end":{"line":98,"column":35}},"26":{"start":{"line":102,"column":8},"end":{"line":104,"column":63}},"27":{"start":{"line":105,"column":8},"end":{"line":105,"column":14}},"28":{"start":{"line":112,"column":8},"end":{"line":121,"column":10},"skip":true},"29":{"start":{"line":119,"column":12},"end":{"line":119,"column":55},"skip":true},"30":{"start":{"line":120,"column":12},"end":{"line":120,"column":48},"skip":true},"31":{"start":{"line":123,"column":8},"end":{"line":136,"column":10},"skip":true},"32":{"start":{"line":130,"column":12},"end":{"line":130,"column":76},"skip":true},"33":{"start":{"line":131,"column":12},"end":{"line":131,"column":73},"skip":true},"34":{"start":{"line":132,"column":12},"end":{"line":132,"column":74},"skip":true},"35":{"start":{"line":133,"column":12},"end":{"line":133,"column":79},"skip":true},"36":{"start":{"line":134,"column":12},"end":{"line":134,"column":25},"skip":true},"37":{"start":{"line":135,"column":12},"end":{"line":135,"column":45},"skip":true},"38":{"start":{"line":138,"column":8},"end":{"line":145,"column":14},"skip":true},"39":{"start":{"line":143,"column":16},"end":{"line":143,"column":29},"skip":true},"40":{"start":{"line":144,"column":16},"end":{"line":144,"column":55},"skip":true},"41":{"start":{"line":147,"column":8},"end":{"line":156,"column":10},"skip":true},"42":{"start":{"line":154,"column":12},"end":{"line":154,"column":25},"skip":true},"43":{"start":{"line":155,"column":12},"end":{"line":155,"column":45},"skip":true},"44":{"start":{"line":158,"column":8},"end":{"line":167,"column":10},"skip":true},"45":{"start":{"line":165,"column":12},"end":{"line":165,"column":25},"skip":true},"46":{"start":{"line":166,"column":12},"end":{"line":166,"column":48},"skip":true},"47":{"start":{"line":169,"column":8},"end":{"line":178,"column":10},"skip":true},"48":{"start":{"line":176,"column":12},"end":{"line":176,"column":25},"skip":true},"49":{"start":{"line":177,"column":12},"end":{"line":177,"column":46},"skip":true},"50":{"start":{"line":180,"column":8},"end":{"line":189,"column":10},"skip":true},"51":{"start":{"line":187,"column":12},"end":{"line":187,"column":94},"skip":true},"52":{"start":{"line":188,"column":12},"end":{"line":188,"column":48},"skip":true},"53":{"start":{"line":192,"column":8},"end":{"line":192,"column":35},"skip":true},"54":{"start":{"line":193,"column":8},"end":{"line":193,"column":14},"skip":true}},"branchMap":{"1":{"line":25,"type":"binary-expr","locations":[{"start":{"line":25,"column":23},"end":{"line":25,"column":62}},{"start":{"line":26,"column":20},"end":{"line":26,"column":70}},{"start":{"line":27,"column":20},"end":{"line":27,"column":71}},{"start":{"line":28,"column":20},"end":{"line":28,"column":29}}]},"2":{"line":30,"type":"binary-expr","locations":[{"start":{"line":30,"column":23},"end":{"line":30,"column":37}},{"start":{"line":31,"column":20},"end":{"line":31,"column":61}},{"start":{"line":32,"column":20},"end":{"line":32,"column":70}},{"start":{"line":33,"column":20},"end":{"line":33,"column":26}}]},"3":{"line":37,"type":"cond-expr","locations":[{"start":{"line":38,"column":14},"end":{"line":38,"column":20}},{"start":{"line":39,"column":14},"end":{"line":39,"column":20}}]},"4":{"line":40,"type":"switch","locations":[{"start":{"line":42,"column":8},"end":{"line":47,"column":18}},{"start":{"line":49,"column":8},"end":{"line":52,"column":18}}]},"5":{"line":44,"type":"binary-expr","locations":[{"start":{"line":44,"column":16},"end":{"line":44,"column":44}},{"start":{"line":44,"column":48},"end":{"line":44,"column":66}}]},"6":{"line":50,"type":"binary-expr","locations":[{"start":{"line":50,"column":21},"end":{"line":50,"column":49}},{"start":{"line":50,"column":53},"end":{"line":50,"column":72}}]},"7":{"line":64,"type":"switch","locations":[{"start":{"line":69,"column":4},"end":{"line":70,"column":14}},{"start":{"line":75,"column":4},"end":{"line":76,"column":14}}]},"8":{"line":85,"type":"switch","locations":[{"start":{"line":90,"column":4},"end":{"line":105,"column":14}},{"start":{"line":111,"column":4},"end":{"line":193,"column":14},"skip":true}]},"9":{"line":91,"type":"binary-expr","locations":[{"start":{"line":91,"column":42},"end":{"line":91,"column":73}},{"start":{"line":91,"column":77},"end":{"line":99,"column":9}}]},"10":{"line":102,"type":"binary-expr","locations":[{"start":{"line":102,"column":18},"end":{"line":102,"column":32}},{"start":{"line":103,"column":12},"end":{"line":103,"column":53}},{"start":{"line":104,"column":12},"end":{"line":104,"column":61}}]},"11":{"line":112,"type":"binary-expr","locations":[{"start":{"line":112,"column":45},"end":{"line":112,"column":79},"skip":true},{"start":{"line":112,"column":83},"end":{"line":121,"column":9},"skip":true}]},"12":{"line":123,"type":"binary-expr","locations":[{"start":{"line":123,"column":42},"end":{"line":123,"column":73},"skip":true},{"start":{"line":123,"column":77},"end":{"line":136,"column":9},"skip":true}]},"13":{"line":138,"type":"binary-expr","locations":[{"start":{"line":138,"column":48},"end":{"line":138,"column":85},"skip":true},{"start":{"line":139,"column":12},"end":{"line":145,"column":13},"skip":true}]},"14":{"line":147,"type":"binary-expr","locations":[{"start":{"line":147,"column":42},"end":{"line":147,"column":73},"skip":true},{"start":{"line":147,"column":77},"end":{"line":156,"column":9},"skip":true}]},"15":{"line":158,"type":"binary-expr","locations":[{"start":{"line":158,"column":45},"end":{"line":158,"column":79},"skip":true},{"start":{"line":158,"column":83},"end":{"line":167,"column":9},"skip":true}]},"16":{"line":169,"type":"binary-expr","locations":[{"start":{"line":169,"column":43},"end":{"line":169,"column":75},"skip":true},{"start":{"line":169,"column":79},"end":{"line":178,"column":9},"skip":true}]},"17":{"line":180,"type":"binary-expr","locations":[{"start":{"line":180,"column":41},"end":{"line":180,"column":71},"skip":true},{"start":{"line":180,"column":75},"end":{"line":189,"column":9},"skip":true}]}},"code":["/* istanbul instrument in package npmtest_elementtree */","/*jslint","    bitwise: true,","    browser: true,","    maxerr: 8,","    maxlen: 96,","    node: true,","    nomen: true,","    regexp: true,","    stupid: true","*/","(function () {","    'use strict';","    var local;","","","","    // run shared js-env code - pre-init","    (function () {","        // init local","        local = {};","        // init modeJs","        local.modeJs = (function () {","            try {","                return typeof navigator.userAgent === 'string' &&","                    typeof document.querySelector('body') === 'object' &&","                    typeof XMLHttpRequest.prototype.open === 'function' &&","                    'browser';","            } catch (errorCaughtBrowser) {","                return module.exports &&","                    typeof process.versions.node === 'string' &&","                    typeof require('http').createServer === 'function' &&","                    'node';","            }","        }());","        // init global","        local.global = local.modeJs === 'browser'","            ? window","            : global;","        switch (local.modeJs) {","        // re-init local from window.local","        case 'browser':","            local = local.global.utility2.objectSetDefault(","                local.global.utility2_rollup || local.global.local,","                local.global.utility2","            );","            break;","        // re-init local from example.js","        case 'node':","            local = (local.global.utility2_rollup || require('utility2'))","                .requireExampleJsFromReadme();","            break;","        }","        // export local","        local.global.local = local;","    }());","","","","    // run shared js-env code - function","    (function () {","        return;","    }());","    switch (local.modeJs) {","","","","    // run browser js-env code - function","    case 'browser':","        break;","","","","    // run node js-env code - function","    case 'node':","        break;","    }","","","","    // run shared js-env code - post-init","    (function () {","        return;","    }());","    switch (local.modeJs) {","","","","    // run browser js-env code - post-init","    case 'browser':","        local.testCase_browser_nullCase = local.testCase_browser_nullCase || function (","            options,","            onError","        ) {","        /*","         * this function will test browsers's null-case handling-behavior-behavior","         */","            onError(null, options);","        };","","        // run tests","        local.nop(local.modeTest &&","            document.querySelector('#testRunButton1') &&","            document.querySelector('#testRunButton1').click());","        break;","","","","    // run node js-env code - post-init","    /* istanbul ignore next */","    case 'node':","        local.testCase_buildApidoc_default = local.testCase_buildApidoc_default || function (","            options,","            onError","        ) {","        /*","         * this function will test buildApidoc's default handling-behavior-behavior","         */","            options = { modulePathList: module.paths };","            local.buildApidoc(options, onError);","        };","","        local.testCase_buildApp_default = local.testCase_buildApp_default || function (","            options,","            onError","        ) {","        /*","         * this function will test buildApp's default handling-behavior-behavior","         */","            local.testCase_buildReadme_default(options, local.onErrorThrow);","            local.testCase_buildLib_default(options, local.onErrorThrow);","            local.testCase_buildTest_default(options, local.onErrorThrow);","            local.testCase_buildCustomOrg_default(options, local.onErrorThrow);","            options = [];","            local.buildApp(options, onError);","        };","","        local.testCase_buildCustomOrg_default = local.testCase_buildCustomOrg_default ||","            function (options, onError) {","            /*","             * this function will test buildCustomOrg's default handling-behavior","             */","                options = {};","                local.buildCustomOrg(options, onError);","            };","","        local.testCase_buildLib_default = local.testCase_buildLib_default || function (","            options,","            onError","        ) {","        /*","         * this function will test buildLib's default handling-behavior","         */","            options = {};","            local.buildLib(options, onError);","        };","","        local.testCase_buildReadme_default = local.testCase_buildReadme_default || function (","            options,","            onError","        ) {","        /*","         * this function will test buildReadme's default handling-behavior-behavior","         */","            options = {};","            local.buildReadme(options, onError);","        };","","        local.testCase_buildTest_default = local.testCase_buildTest_default || function (","            options,","            onError","        ) {","        /*","         * this function will test buildTest's default handling-behavior","         */","            options = {};","            local.buildTest(options, onError);","        };","","        local.testCase_webpage_default = local.testCase_webpage_default || function (","            options,","            onError","        ) {","        /*","         * this function will test webpage's default handling-behavior","         */","            options = { modeCoverageMerge: true, url: local.serverLocalHost + '?modeTest=1' };","            local.browserTest(options, onError);","        };","","        // run test-server","        local.testRunServer(local);","        break;","    }","}());",""],"l":{"12":2,"14":2,"19":2,"21":2,"23":2,"24":2,"25":2,"30":1,"37":2,"40":2,"43":1,"47":1,"50":1,"52":1,"55":2,"61":2,"62":2,"64":2,"70":1,"76":1,"82":2,"83":2,"85":2,"91":1,"98":1,"102":1,"105":1,"112":1,"119":1,"120":1,"123":1,"130":1,"131":1,"132":1,"133":1,"134":1,"135":1,"138":1,"143":2,"144":2,"147":1,"154":2,"155":2,"158":1,"165":2,"166":2,"169":1,"176":2,"177":2,"180":1,"187":1,"188":1,"192":1,"193":1}},"/home/travis/build/npmtest/node-npmtest-elementtree/lib.npmtest_elementtree.js":{"path":"/home/travis/build/npmtest/node-npmtest-elementtree/lib.npmtest_elementtree.js","s":{"1":2,"2":2,"3":2,"4":2,"5":2,"6":2,"7":2,"8":1,"9":2,"10":2,"11":2,"12":2,"13":1,"14":1,"15":1,"16":1},"b":{"1":[2,1,1,1],"2":[1,1,1,1],"3":[1,1],"4":[2,2],"5":[1,1]},"f":{"1":2,"2":2,"3":2},"fnMap":{"1":{"name":"(anonymous_1)","line":12,"loc":{"start":{"line":12,"column":1},"end":{"line":12,"column":13}}},"2":{"name":"(anonymous_2)","line":19,"loc":{"start":{"line":19,"column":5},"end":{"line":19,"column":17}}},"3":{"name":"(anonymous_3)","line":23,"loc":{"start":{"line":23,"column":24},"end":{"line":23,"column":36}}}},"statementMap":{"1":{"start":{"line":12,"column":0},"end":{"line":53,"column":5}},"2":{"start":{"line":14,"column":4},"end":{"line":14,"column":14}},"3":{"start":{"line":19,"column":4},"end":{"line":52,"column":9}},"4":{"start":{"line":21,"column":8},"end":{"line":21,"column":19}},"5":{"start":{"line":23,"column":8},"end":{"line":35,"column":13}},"6":{"start":{"line":24,"column":12},"end":{"line":34,"column":13}},"7":{"start":{"line":25,"column":16},"end":{"line":28,"column":30}},"8":{"start":{"line":30,"column":16},"end":{"line":33,"column":27}},"9":{"start":{"line":37,"column":8},"end":{"line":39,"column":21}},"10":{"start":{"line":41,"column":8},"end":{"line":41,"column":54}},"11":{"start":{"line":43,"column":8},"end":{"line":43,"column":56}},"12":{"start":{"line":45,"column":8},"end":{"line":51,"column":9}},"13":{"start":{"line":46,"column":12},"end":{"line":46,"column":62}},"14":{"start":{"line":48,"column":12},"end":{"line":48,"column":35}},"15":{"start":{"line":49,"column":12},"end":{"line":49,"column":49}},"16":{"start":{"line":50,"column":12},"end":{"line":50,"column":43}}},"branchMap":{"1":{"line":25,"type":"binary-expr","locations":[{"start":{"line":25,"column":23},"end":{"line":25,"column":62}},{"start":{"line":26,"column":20},"end":{"line":26,"column":70}},{"start":{"line":27,"column":20},"end":{"line":27,"column":71}},{"start":{"line":28,"column":20},"end":{"line":28,"column":29}}]},"2":{"line":30,"type":"binary-expr","locations":[{"start":{"line":30,"column":23},"end":{"line":30,"column":37}},{"start":{"line":31,"column":20},"end":{"line":31,"column":61}},{"start":{"line":32,"column":20},"end":{"line":32,"column":70}},{"start":{"line":33,"column":20},"end":{"line":33,"column":26}}]},"3":{"line":37,"type":"cond-expr","locations":[{"start":{"line":38,"column":14},"end":{"line":38,"column":20}},{"start":{"line":39,"column":14},"end":{"line":39,"column":20}}]},"4":{"line":41,"type":"binary-expr","locations":[{"start":{"line":41,"column":16},"end":{"line":41,"column":44}},{"start":{"line":41,"column":48},"end":{"line":41,"column":53}}]},"5":{"line":45,"type":"if","locations":[{"start":{"line":45,"column":8},"end":{"line":45,"column":8}},{"start":{"line":45,"column":8},"end":{"line":45,"column":8}}]}},"code":["/* istanbul instrument in package npmtest_elementtree */","/*jslint","    bitwise: true,","    browser: true,","    maxerr: 8,","    maxlen: 96,","    node: true,","    nomen: true,","    regexp: true,","    stupid: true","*/","(function () {","    'use strict';","    var local;","","","","    // run shared js-env code - pre-init","    (function () {","        // init local","        local = {};","        // init modeJs","        local.modeJs = (function () {","            try {","                return typeof navigator.userAgent === 'string' &&","                    typeof document.querySelector('body') === 'object' &&","                    typeof XMLHttpRequest.prototype.open === 'function' &&","                    'browser';","            } catch (errorCaughtBrowser) {","                return module.exports &&","                    typeof process.versions.node === 'string' &&","                    typeof require('http').createServer === 'function' &&","                    'node';","            }","        }());","        // init global","        local.global = local.modeJs === 'browser'","            ? window","            : global;","        // init utility2_rollup","        local = local.global.utility2_rollup || local;","        // init lib","        local.local = local.npmtest_elementtree = local;","        // init exports","        if (local.modeJs === 'browser') {","            local.global.utility2_npmtest_elementtree = local;","        } else {","            module.exports = local;","            module.exports.__dirname = __dirname;","            module.exports.module = module;","        }","    }());","}());",""],"l":{"12":2,"14":2,"19":2,"21":2,"23":2,"24":2,"25":2,"30":1,"37":2,"41":2,"43":2,"45":2,"46":1,"48":1,"49":1,"50":1}},"/home/travis/build/npmtest/node-npmtest-elementtree/example.js":{"path":"/home/travis/build/npmtest/node-npmtest-elementtree/example.js","s":{"1":2,"2":2,"3":2,"4":2,"5":2,"6":2,"7":2,"8":1,"9":2,"10":2,"11":2,"12":2,"13":1,"14":2,"15":2,"16":2,"17":2,"18":2,"19":0,"20":2,"21":1,"22":1,"23":1,"24":1,"25":1,"26":0,"27":0,"28":1,"29":1,"30":2,"31":0,"32":0,"33":0,"34":1,"35":2,"36":2,"37":3,"38":3,"39":3,"40":3,"41":0,"42":3,"43":3,"44":3,"45":1,"46":3,"47":1,"48":1,"49":1,"50":1,"51":1,"52":1,"53":1,"54":1,"55":1,"56":1,"57":0,"58":1,"59":6,"60":6,"61":1,"62":2,"63":0,"64":2,"65":1,"66":1,"67":0,"68":0,"69":0,"70":0,"71":0,"72":0,"73":0,"74":0,"75":0,"76":0,"77":0,"78":0,"79":0,"80":0,"81":0,"82":0,"83":0},"b":{"1":[2,1,1,1],"2":[1,1,1,1],"3":[1,1],"4":[2,2],"5":[1,1],"6":[1,1],"7":[2,0],"8":[2,1,1,1,1,1],"9":[0,2,0],"10":[1,1],"11":[2,1,1],"12":[1,0],"13":[0,2],"14":[2,0,0,0,0,0,0],"15":[0,3],"16":[3,0],"17":[1,1],"18":[0,1],"19":[1,2,0,2],"20":[1,0],"21":[1,1],"22":[0,0],"23":[0,0],"24":[0,0],"25":[0,0],"26":[0,0],"27":[0,0],"28":[0,0]},"f":{"1":2,"2":2,"3":2,"4":2,"5":2,"6":2,"7":3,"8":3,"9":3,"10":1,"11":6,"12":0},"fnMap":{"1":{"name":"(anonymous_1)","line":26,"loc":{"start":{"line":26,"column":1},"end":{"line":26,"column":13}}},"2":{"name":"(anonymous_2)","line":33,"loc":{"start":{"line":33,"column":5},"end":{"line":33,"column":17}}},"3":{"name":"(anonymous_3)","line":37,"loc":{"start":{"line":37,"column":24},"end":{"line":37,"column":36}}},"4":{"name":"(anonymous_4)","line":69,"loc":{"start":{"line":69,"column":31},"end":{"line":69,"column":48}},"skip":true},"5":{"name":"(anonymous_5)","line":78,"loc":{"start":{"line":78,"column":26},"end":{"line":78,"column":45}},"skip":true},"6":{"name":"(anonymous_6)","line":123,"loc":{"start":{"line":123,"column":33},"end":{"line":123,"column":48}},"skip":true},"7":{"name":"(anonymous_7)","line":125,"loc":{"start":{"line":125,"column":27},"end":{"line":125,"column":39}},"skip":true},"8":{"name":"(anonymous_8)","line":133,"loc":{"start":{"line":133,"column":59},"end":{"line":133,"column":74}},"skip":true},"9":{"name":"(anonymous_9)","line":143,"loc":{"start":{"line":143,"column":45},"end":{"line":143,"column":62}},"skip":true},"10":{"name":"(anonymous_10)","line":144,"loc":{"start":{"line":144,"column":73},"end":{"line":144,"column":92}},"skip":true},"11":{"name":"(anonymous_11)","line":272,"loc":{"start":{"line":272,"column":51},"end":{"line":272,"column":77}},"skip":true},"12":{"name":"(anonymous_12)","line":315,"loc":{"start":{"line":315,"column":32},"end":{"line":315,"column":61}},"skip":true}},"statementMap":{"1":{"start":{"line":26,"column":0},"end":{"line":326,"column":5}},"2":{"start":{"line":28,"column":4},"end":{"line":28,"column":14}},"3":{"start":{"line":33,"column":4},"end":{"line":60,"column":9}},"4":{"start":{"line":35,"column":8},"end":{"line":35,"column":19}},"5":{"start":{"line":37,"column":8},"end":{"line":49,"column":13}},"6":{"start":{"line":38,"column":12},"end":{"line":48,"column":13}},"7":{"start":{"line":39,"column":16},"end":{"line":42,"column":30}},"8":{"start":{"line":44,"column":16},"end":{"line":47,"column":27}},"9":{"start":{"line":51,"column":8},"end":{"line":53,"column":21}},"10":{"start":{"line":55,"column":8},"end":{"line":57,"column":45}},"11":{"start":{"line":59,"column":8},"end":{"line":59,"column":35}},"12":{"start":{"line":61,"column":4},"end":{"line":325,"column":5}},"13":{"start":{"line":69,"column":8},"end":{"line":121,"column":10},"skip":true},"14":{"start":{"line":70,"column":12},"end":{"line":88,"column":13},"skip":true},"15":{"start":{"line":76,"column":16},"end":{"line":87,"column":19},"skip":true},"16":{"start":{"line":79,"column":20},"end":{"line":86,"column":21},"skip":true},"17":{"start":{"line":82,"column":24},"end":{"line":82,"column":43},"skip":true},"18":{"start":{"line":83,"column":24},"end":{"line":83,"column":30},"skip":true},"19":{"start":{"line":85,"column":24},"end":{"line":85,"column":49},"skip":true},"20":{"start":{"line":89,"column":12},"end":{"line":107,"column":13},"skip":true},"21":{"start":{"line":92,"column":16},"end":{"line":102,"column":17},"skip":true},"22":{"start":{"line":93,"column":20},"end":{"line":93,"column":86},"skip":true},"23":{"start":{"line":94,"column":20},"end":{"line":95,"column":45},"skip":true},"24":{"start":{"line":96,"column":20},"end":{"line":96,"column":42},"skip":true},"25":{"start":{"line":97,"column":20},"end":{"line":97,"column":48},"skip":true},"26":{"start":{"line":100,"column":20},"end":{"line":100,"column":85},"skip":true},"27":{"start":{"line":101,"column":20},"end":{"line":101,"column":96},"skip":true},"28":{"start":{"line":103,"column":16},"end":{"line":103,"column":22},"skip":true},"29":{"start":{"line":106,"column":16},"end":{"line":106,"column":22},"skip":true},"30":{"start":{"line":108,"column":12},"end":{"line":120,"column":13},"skip":true},"31":{"start":{"line":114,"column":16},"end":{"line":119,"column":17},"skip":true},"32":{"start":{"line":116,"column":20},"end":{"line":116,"column":78},"skip":true},"33":{"start":{"line":118,"column":20},"end":{"line":118,"column":47},"skip":true},"34":{"start":{"line":123,"column":8},"end":{"line":141,"column":11},"skip":true},"35":{"start":{"line":124,"column":12},"end":{"line":124,"column":54},"skip":true},"36":{"start":{"line":125,"column":12},"end":{"line":140,"column":14},"skip":true},"37":{"start":{"line":126,"column":16},"end":{"line":126,"column":28},"skip":true},"38":{"start":{"line":127,"column":16},"end":{"line":127,"column":69},"skip":true},"39":{"start":{"line":128,"column":16},"end":{"line":128,"column":75},"skip":true},"40":{"start":{"line":129,"column":16},"end":{"line":131,"column":17},"skip":true},"41":{"start":{"line":130,"column":20},"end":{"line":130,"column":27},"skip":true},"42":{"start":{"line":133,"column":16},"end":{"line":137,"column":36},"skip":true},"43":{"start":{"line":134,"column":20},"end":{"line":136,"column":55},"skip":true},"44":{"start":{"line":139,"column":16},"end":{"line":139,"column":57},"skip":true},"45":{"start":{"line":143,"column":8},"end":{"line":147,"column":11},"skip":true},"46":{"start":{"line":144,"column":12},"end":{"line":146,"column":15},"skip":true},"47":{"start":{"line":145,"column":16},"end":{"line":145,"column":70},"skip":true},"48":{"start":{"line":149,"column":8},"end":{"line":149,"column":31},"skip":true},"49":{"start":{"line":150,"column":8},"end":{"line":150,"column":14},"skip":true},"50":{"start":{"line":158,"column":8},"end":{"line":158,"column":31},"skip":true},"51":{"start":{"line":160,"column":8},"end":{"line":160,"column":33},"skip":true},"52":{"start":{"line":161,"column":8},"end":{"line":161,"column":37},"skip":true},"53":{"start":{"line":162,"column":8},"end":{"line":162,"column":35},"skip":true},"54":{"start":{"line":164,"column":8},"end":{"line":164,"column":50},"skip":true},"55":{"start":{"line":166,"column":8},"end":{"line":256,"column":2},"skip":true},"56":{"start":{"line":258,"column":8},"end":{"line":286,"column":9},"skip":true},"57":{"start":{"line":259,"column":12},"end":{"line":269,"column":14},"skip":true},"58":{"start":{"line":271,"column":12},"end":{"line":285,"column":19},"skip":true},"59":{"start":{"line":274,"column":20},"end":{"line":274,"column":35},"skip":true},"60":{"start":{"line":275,"column":20},"end":{"line":284,"column":21},"skip":true},"61":{"start":{"line":277,"column":24},"end":{"line":277,"column":64},"skip":true},"62":{"start":{"line":279,"column":24},"end":{"line":279,"column":40},"skip":true},"63":{"start":{"line":281,"column":24},"end":{"line":281,"column":40},"skip":true},"64":{"start":{"line":283,"column":24},"end":{"line":283,"column":39},"skip":true},"65":{"start":{"line":288,"column":8},"end":{"line":290,"column":9},"skip":true},"66":{"start":{"line":289,"column":12},"end":{"line":289,"column":18},"skip":true},"67":{"start":{"line":291,"column":8},"end":{"line":293,"column":54},"skip":true},"68":{"start":{"line":296,"column":8},"end":{"line":301,"column":37},"skip":true},"69":{"start":{"line":303,"column":8},"end":{"line":303,"column":82},"skip":true},"70":{"start":{"line":306,"column":8},"end":{"line":308,"column":9},"skip":true},"71":{"start":{"line":307,"column":12},"end":{"line":307,"column":82},"skip":true},"72":{"start":{"line":310,"column":8},"end":{"line":312,"column":9},"skip":true},"73":{"start":{"line":311,"column":12},"end":{"line":311,"column":18},"skip":true},"74":{"start":{"line":313,"column":8},"end":{"line":313,"column":54},"skip":true},"75":{"start":{"line":314,"column":8},"end":{"line":314,"column":69},"skip":true},"76":{"start":{"line":315,"column":8},"end":{"line":323,"column":36},"skip":true},"77":{"start":{"line":316,"column":12},"end":{"line":316,"column":61},"skip":true},"78":{"start":{"line":317,"column":12},"end":{"line":320,"column":13},"skip":true},"79":{"start":{"line":318,"column":16},"end":{"line":318,"column":75},"skip":true},"80":{"start":{"line":319,"column":16},"end":{"line":319,"column":23},"skip":true},"81":{"start":{"line":321,"column":12},"end":{"line":321,"column":38},"skip":true},"82":{"start":{"line":322,"column":12},"end":{"line":322,"column":27},"skip":true},"83":{"start":{"line":324,"column":8},"end":{"line":324,"column":14},"skip":true}},"branchMap":{"1":{"line":39,"type":"binary-expr","locations":[{"start":{"line":39,"column":23},"end":{"line":39,"column":62}},{"start":{"line":40,"column":20},"end":{"line":40,"column":70}},{"start":{"line":41,"column":20},"end":{"line":41,"column":71}},{"start":{"line":42,"column":20},"end":{"line":42,"column":29}}]},"2":{"line":44,"type":"binary-expr","locations":[{"start":{"line":44,"column":23},"end":{"line":44,"column":37}},{"start":{"line":45,"column":20},"end":{"line":45,"column":61}},{"start":{"line":46,"column":20},"end":{"line":46,"column":70}},{"start":{"line":47,"column":20},"end":{"line":47,"column":26}}]},"3":{"line":51,"type":"cond-expr","locations":[{"start":{"line":52,"column":14},"end":{"line":52,"column":20}},{"start":{"line":53,"column":14},"end":{"line":53,"column":20}}]},"4":{"line":55,"type":"binary-expr","locations":[{"start":{"line":55,"column":16},"end":{"line":55,"column":44}},{"start":{"line":55,"column":49},"end":{"line":57,"column":43}}]},"5":{"line":55,"type":"cond-expr","locations":[{"start":{"line":56,"column":14},"end":{"line":56,"column":55}},{"start":{"line":57,"column":14},"end":{"line":57,"column":43}}]},"6":{"line":61,"type":"switch","locations":[{"start":{"line":68,"column":4},"end":{"line":150,"column":14},"skip":true},{"start":{"line":156,"column":4},"end":{"line":324,"column":14},"skip":true}]},"7":{"line":70,"type":"if","locations":[{"start":{"line":70,"column":12},"end":{"line":70,"column":12},"skip":true},{"start":{"line":70,"column":12},"end":{"line":70,"column":12},"skip":true}]},"8":{"line":70,"type":"binary-expr","locations":[{"start":{"line":70,"column":16},"end":{"line":70,"column":22},"skip":true},{"start":{"line":70,"column":27},"end":{"line":70,"column":32},"skip":true},{"start":{"line":71,"column":20},"end":{"line":71,"column":39},"skip":true},{"start":{"line":72,"column":20},"end":{"line":72,"column":49},"skip":true},{"start":{"line":73,"column":20},"end":{"line":73,"column":58},"skip":true},{"start":{"line":74,"column":20},"end":{"line":74,"column":69},"skip":true}]},"9":{"line":79,"type":"switch","locations":[{"start":{"line":80,"column":20},"end":{"line":80,"column":33},"skip":true},{"start":{"line":81,"column":20},"end":{"line":83,"column":30},"skip":true},{"start":{"line":84,"column":20},"end":{"line":85,"column":49},"skip":true}]},"10":{"line":89,"type":"switch","locations":[{"start":{"line":90,"column":12},"end":{"line":103,"column":22},"skip":true},{"start":{"line":105,"column":12},"end":{"line":106,"column":22},"skip":true}]},"11":{"line":89,"type":"binary-expr","locations":[{"start":{"line":89,"column":20},"end":{"line":89,"column":25},"skip":true},{"start":{"line":89,"column":29},"end":{"line":89,"column":48},"skip":true},{"start":{"line":89,"column":52},"end":{"line":89,"column":74},"skip":true}]},"12":{"line":92,"type":"if","locations":[{"start":{"line":92,"column":16},"end":{"line":92,"column":16},"skip":true},{"start":{"line":92,"column":16},"end":{"line":92,"column":16},"skip":true}]},"13":{"line":108,"type":"if","locations":[{"start":{"line":108,"column":12},"end":{"line":108,"column":12},"skip":true},{"start":{"line":108,"column":12},"end":{"line":108,"column":12},"skip":true}]},"14":{"line":108,"type":"binary-expr","locations":[{"start":{"line":108,"column":16},"end":{"line":108,"column":61},"skip":true},{"start":{"line":108,"column":66},"end":{"line":108,"column":72},"skip":true},{"start":{"line":108,"column":77},"end":{"line":108,"column":82},"skip":true},{"start":{"line":109,"column":20},"end":{"line":109,"column":39},"skip":true},{"start":{"line":110,"column":20},"end":{"line":110,"column":49},"skip":true},{"start":{"line":111,"column":20},"end":{"line":111,"column":58},"skip":true},{"start":{"line":112,"column":20},"end":{"line":112,"column":68},"skip":true}]},"15":{"line":129,"type":"if","locations":[{"start":{"line":129,"column":16},"end":{"line":129,"column":16},"skip":true},{"start":{"line":129,"column":16},"end":{"line":129,"column":16},"skip":true}]},"16":{"line":134,"type":"cond-expr","locations":[{"start":{"line":135,"column":26},"end":{"line":135,"column":29},"skip":true},{"start":{"line":136,"column":26},"end":{"line":136,"column":54},"skip":true}]},"17":{"line":164,"type":"binary-expr","locations":[{"start":{"line":164,"column":27},"end":{"line":164,"column":43},"skip":true},{"start":{"line":164,"column":47},"end":{"line":164,"column":49},"skip":true}]},"18":{"line":258,"type":"if","locations":[{"start":{"line":258,"column":8},"end":{"line":258,"column":8},"skip":true},{"start":{"line":258,"column":8},"end":{"line":258,"column":8},"skip":true}]},"19":{"line":275,"type":"switch","locations":[{"start":{"line":276,"column":20},"end":{"line":277,"column":64},"skip":true},{"start":{"line":278,"column":20},"end":{"line":279,"column":40},"skip":true},{"start":{"line":280,"column":20},"end":{"line":281,"column":40},"skip":true},{"start":{"line":282,"column":20},"end":{"line":283,"column":39},"skip":true}]},"20":{"line":288,"type":"if","locations":[{"start":{"line":288,"column":8},"end":{"line":288,"column":8},"skip":true},{"start":{"line":288,"column":8},"end":{"line":288,"column":8},"skip":true}]},"21":{"line":288,"type":"binary-expr","locations":[{"start":{"line":288,"column":12},"end":{"line":288,"column":40},"skip":true},{"start":{"line":288,"column":44},"end":{"line":288,"column":67},"skip":true}]},"22":{"line":292,"type":"binary-expr","locations":[{"start":{"line":292,"column":12},"end":{"line":292,"column":50},"skip":true},{"start":{"line":293,"column":12},"end":{"line":293,"column":53},"skip":true}]},"23":{"line":297,"type":"binary-expr","locations":[{"start":{"line":297,"column":12},"end":{"line":297,"column":69},"skip":true},{"start":{"line":298,"column":12},"end":{"line":301,"column":36},"skip":true}]},"24":{"line":303,"type":"binary-expr","locations":[{"start":{"line":303,"column":43},"end":{"line":303,"column":75},"skip":true},{"start":{"line":303,"column":79},"end":{"line":303,"column":81},"skip":true}]},"25":{"line":306,"type":"if","locations":[{"start":{"line":306,"column":8},"end":{"line":306,"column":8},"skip":true},{"start":{"line":306,"column":8},"end":{"line":306,"column":8},"skip":true}]},"26":{"line":310,"type":"if","locations":[{"start":{"line":310,"column":8},"end":{"line":310,"column":8},"skip":true},{"start":{"line":310,"column":8},"end":{"line":310,"column":8},"skip":true}]},"27":{"line":313,"type":"binary-expr","locations":[{"start":{"line":313,"column":27},"end":{"line":313,"column":43},"skip":true},{"start":{"line":313,"column":47},"end":{"line":313,"column":53},"skip":true}]},"28":{"line":317,"type":"if","locations":[{"start":{"line":317,"column":12},"end":{"line":317,"column":12},"skip":true},{"start":{"line":317,"column":12},"end":{"line":317,"column":12},"skip":true}]}},"code":["/*","example.js","","quickstart example","","instruction","    1. save this script as example.js","    2. run the shell command:","        $ npm install npmtest-elementtree && PORT=8081 node example.js","    3. play with the browser-demo on http://127.0.0.1:8081","*/","","","","/* istanbul instrument in package npmtest_elementtree */","/*jslint","    bitwise: true,","    browser: true,","    maxerr: 8,","    maxlen: 96,","    node: true,","    nomen: true,","    regexp: true,","    stupid: true","*/","(function () {","    'use strict';","    var local;","","","","    // run shared js-env code - pre-init","    (function () {","        // init local","        local = {};","        // init modeJs","        local.modeJs = (function () {","            try {","                return typeof navigator.userAgent === 'string' &&","                    typeof document.querySelector('body') === 'object' &&","                    typeof XMLHttpRequest.prototype.open === 'function' &&","                    'browser';","            } catch (errorCaughtBrowser) {","                return module.exports &&","                    typeof process.versions.node === 'string' &&","                    typeof require('http').createServer === 'function' &&","                    'node';","            }","        }());","        // init global","        local.global = local.modeJs === 'browser'","            ? window","            : global;","        // init utility2_rollup","        local = local.global.utility2_rollup || (local.modeJs === 'browser'","            ? local.global.utility2_npmtest_elementtree","            : global.utility2_moduleExports);","        // export local","        local.global.local = local;","    }());","    switch (local.modeJs) {","","","","    // post-init","    // run browser js-env code - post-init","    /* istanbul ignore next */","    case 'browser':","        local.testRunBrowser = function (event) {","            if (!event || (event &&","                    event.currentTarget &&","                    event.currentTarget.className &&","                    event.currentTarget.className.includes &&","                    event.currentTarget.className.includes('onreset'))) {","                // reset output","                Array.from(","                    document.querySelectorAll('body > .resettable')","                ).forEach(function (element) {","                    switch (element.tagName) {","                    case 'INPUT':","                    case 'TEXTAREA':","                        element.value = '';","                        break;","                    default:","                        element.textContent = '';","                    }","                });","            }","            switch (event && event.currentTarget && event.currentTarget.id) {","            case 'testRunButton1':","                // show tests","                if (document.querySelector('#testReportDiv1').style.display === 'none') {","                    document.querySelector('#testReportDiv1').style.display = 'block';","                    document.querySelector('#testRunButton1').textContent =","                        'hide internal test';","                    local.modeTest = true;","                    local.testRunDefault(local);","                // hide tests","                } else {","                    document.querySelector('#testReportDiv1').style.display = 'none';","                    document.querySelector('#testRunButton1').textContent = 'run internal test';","                }","                break;","            // custom-case","            default:","                break;","            }","            if (document.querySelector('#inputTextareaEval1') && (!event || (event &&","                    event.currentTarget &&","                    event.currentTarget.className &&","                    event.currentTarget.className.includes &&","                    event.currentTarget.className.includes('oneval')))) {","                // try to eval input-code","                try {","                    /*jslint evil: true*/","                    eval(document.querySelector('#inputTextareaEval1').value);","                } catch (errorCaught) {","                    console.error(errorCaught);","                }","            }","        };","        // log stderr and stdout to #outputTextareaStdout1","        ['error', 'log'].forEach(function (key) {","            console[key + '_original'] = console[key];","            console[key] = function () {","                var element;","                console[key + '_original'].apply(console, arguments);","                element = document.querySelector('#outputTextareaStdout1');","                if (!element) {","                    return;","                }","                // append text to #outputTextareaStdout1","                element.value += Array.from(arguments).map(function (arg) {","                    return typeof arg === 'string'","                        ? arg","                        : JSON.stringify(arg, null, 4);","                }).join(' ') + '\\n';","                // scroll textarea to bottom","                element.scrollTop = element.scrollHeight;","            };","        });","        // init event-handling","        ['change', 'click', 'keyup'].forEach(function (event) {","            Array.from(document.querySelectorAll('.on' + event)).forEach(function (element) {","                element.addEventListener(event, local.testRunBrowser);","            });","        });","        // run tests","        local.testRunBrowser();","        break;","","","","    // run node js-env code - post-init","    /* istanbul ignore next */","    case 'node':","        // export local","        module.exports = local;","        // require modules","        local.fs = require('fs');","        local.http = require('http');","        local.url = require('url');","        // init assets","        local.assetsDict = local.assetsDict || {};","        /* jslint-ignore-begin */","        local.assetsDict['/assets.index.template.html'] = '\\","<!doctype html>\\n\\","<html lang=\"en\">\\n\\","<head>\\n\\","<meta charset=\"UTF-8\">\\n\\","<meta name=\"viewport\" content=\"width=device-width, initial-scale=1\">\\n\\","<title>{{env.npm_package_name}} (v{{env.npm_package_version}})</title>\\n\\","<style>\\n\\","/*csslint\\n\\","    box-sizing: false,\\n\\","    universal-selector: false\\n\\","*/\\n\\","* {\\n\\","    box-sizing: border-box;\\n\\","}\\n\\","body {\\n\\","    background: #dde;\\n\\","    font-family: Arial, Helvetica, sans-serif;\\n\\","    margin: 2rem;\\n\\","}\\n\\","body > * {\\n\\","    margin-bottom: 1rem;\\n\\","}\\n\\",".utility2FooterDiv {\\n\\","    margin-top: 20px;\\n\\","    text-align: center;\\n\\","}\\n\\","</style>\\n\\","<style>\\n\\","/*csslint\\n\\","*/\\n\\","textarea {\\n\\","    font-family: monospace;\\n\\","    height: 10rem;\\n\\","    width: 100%;\\n\\","}\\n\\","textarea[readonly] {\\n\\","    background: #ddd;\\n\\","}\\n\\","</style>\\n\\","</head>\\n\\","<body>\\n\\","<!-- utility2-comment\\n\\","<div id=\"ajaxProgressDiv1\" style=\"background: #d00; height: 2px; left: 0; margin: 0; padding: 0; position: fixed; top: 0; transition: background 0.5s, width 1.5s; width: 25%;\"></div>\\n\\","utility2-comment -->\\n\\","<h1>\\n\\","<!-- utility2-comment\\n\\","    <a\\n\\","        {{#if env.npm_package_homepage}}\\n\\","        href=\"{{env.npm_package_homepage}}\"\\n\\","        {{/if env.npm_package_homepage}}\\n\\","        target=\"_blank\"\\n\\","    >\\n\\","utility2-comment -->\\n\\","        {{env.npm_package_name}} (v{{env.npm_package_version}})\\n\\","<!-- utility2-comment\\n\\","    </a>\\n\\","utility2-comment -->\\n\\","</h1>\\n\\","<h3>{{env.npm_package_description}}</h3>\\n\\","<!-- utility2-comment\\n\\","<h4><a download href=\"assets.app.js\">download standalone app</a></h4>\\n\\","<button class=\"onclick onreset\" id=\"testRunButton1\">run internal test</button><br>\\n\\","<div id=\"testReportDiv1\" style=\"display: none;\"></div>\\n\\","utility2-comment -->\\n\\","\\n\\","\\n\\","\\n\\","<label>stderr and stdout</label>\\n\\","<textarea class=\"resettable\" id=\"outputTextareaStdout1\" readonly></textarea>\\n\\","<!-- utility2-comment\\n\\","{{#if isRollup}}\\n\\","<script src=\"assets.app.js\"></script>\\n\\","{{#unless isRollup}}\\n\\","utility2-comment -->\\n\\","<script src=\"assets.utility2.rollup.js\"></script>\\n\\","<script src=\"jsonp.utility2._stateInit?callback=window.utility2._stateInit\"></script>\\n\\","<script src=\"assets.npmtest_elementtree.rollup.js\"></script>\\n\\","<script src=\"assets.example.js\"></script>\\n\\","<script src=\"assets.test.js\"></script>\\n\\","<!-- utility2-comment\\n\\","{{/if isRollup}}\\n\\","utility2-comment -->\\n\\","<div class=\"utility2FooterDiv\">\\n\\","    [ this app was created with\\n\\","    <a href=\"https://github.com/kaizhu256/node-utility2\" target=\"_blank\">utility2</a>\\n\\","    ]\\n\\","</div>\\n\\","</body>\\n\\","</html>\\n\\","';","        /* jslint-ignore-end */","        if (local.templateRender) {","            local.assetsDict['/'] = local.templateRender(","                local.assetsDict['/assets.index.template.html'],","                {","                    env: local.objectSetDefault(local.env, {","                        npm_package_description: 'the greatest app in the world!',","                        npm_package_name: 'my-app',","                        npm_package_nameAlias: 'my_app',","                        npm_package_version: '0.0.1'","                    })","                }","            );","        } else {","            local.assetsDict['/'] = local.assetsDict['/assets.index.template.html']","                .replace((/\\{\\{env\\.(\\w+?)\\}\\}/g), function (match0, match1) {","                    // jslint-hack","                    String(match0);","                    switch (match1) {","                    case 'npm_package_description':","                        return 'the greatest app in the world!';","                    case 'npm_package_name':","                        return 'my-app';","                    case 'npm_package_nameAlias':","                        return 'my_app';","                    case 'npm_package_version':","                        return '0.0.1';","                    }","                });","        }","        // run the cli","        if (local.global.utility2_rollup || module !== require.main) {","            break;","        }","        local.assetsDict['/assets.example.js'] =","            local.assetsDict['/assets.example.js'] ||","            local.fs.readFileSync(__filename, 'utf8');","        // bug-workaround - long $npm_package_buildCustomOrg","        /* jslint-ignore-begin */","        local.assetsDict['/assets.npmtest_elementtree.rollup.js'] =","            local.assetsDict['/assets.npmtest_elementtree.rollup.js'] ||","            local.fs.readFileSync(","                local.npmtest_elementtree.__dirname + '/lib.npmtest_elementtree.js',","                'utf8'","            ).replace((/^#!/), '//');","        /* jslint-ignore-end */","        local.assetsDict['/favicon.ico'] = local.assetsDict['/favicon.ico'] || '';","        // if $npm_config_timeout_exit exists,","        // then exit this process after $npm_config_timeout_exit ms","        if (Number(process.env.npm_config_timeout_exit)) {","            setTimeout(process.exit, Number(process.env.npm_config_timeout_exit));","        }","        // start server","        if (local.global.utility2_serverHttp1) {","            break;","        }","        process.env.PORT = process.env.PORT || '8081';","        console.error('server starting on port ' + process.env.PORT);","        local.http.createServer(function (request, response) {","            request.urlParsed = local.url.parse(request.url);","            if (local.assetsDict[request.urlParsed.pathname] !== undefined) {","                response.end(local.assetsDict[request.urlParsed.pathname]);","                return;","            }","            response.statusCode = 404;","            response.end();","        }).listen(process.env.PORT);","        break;","    }","}());",""],"l":{"26":2,"28":2,"33":2,"35":2,"37":2,"38":2,"39":2,"44":1,"51":2,"55":2,"59":2,"61":2,"69":1,"70":2,"76":2,"79":2,"82":2,"83":2,"85":1,"89":2,"92":1,"93":1,"94":1,"96":1,"97":1,"100":1,"101":1,"103":1,"106":1,"108":2,"114":1,"116":1,"118":1,"123":1,"124":2,"125":2,"126":3,"127":3,"128":3,"129":3,"130":1,"133":3,"134":3,"139":3,"143":1,"144":3,"145":1,"149":1,"150":1,"158":1,"160":1,"161":1,"162":1,"164":1,"166":1,"258":1,"259":1,"271":1,"274":6,"275":6,"277":1,"279":2,"281":1,"283":2,"288":1,"289":1,"291":1,"296":1,"303":1,"306":1,"307":1,"310":1,"311":1,"313":1,"314":1,"315":1,"316":1,"317":1,"318":1,"319":1,"321":1,"322":1,"324":1}},"/home/travis/build/npmtest/node-npmtest-elementtree/node_modules/elementtree/lib/elementtree.js":{"path":"/home/travis/build/npmtest/node-npmtest-elementtree/node_modules/elementtree/lib/elementtree.js","s":{"1":1,"2":1,"3":1,"4":1,"5":1,"6":1,"7":1,"8":1,"9":0,"10":0,"11":0,"12":0,"13":0,"14":0,"15":0,"16":0,"17":1,"18":0,"19":1,"20":0,"21":1,"22":0,"23":1,"24":0,"25":1,"26":0,"27":1,"28":0,"29":1,"30":0,"31":1,"32":0,"33":0,"34":0,"35":0,"36":1,"37":0,"38":1,"39":0,"40":1,"41":0,"42":1,"43":0,"44":1,"45":0,"46":0,"47":0,"48":0,"49":1,"50":0,"51":1,"52":0,"53":1,"54":0,"55":1,"56":0,"57":1,"58":0,"59":0,"60":0,"61":0,"62":1,"63":0,"64":0,"65":0,"66":1,"67":0,"68":1,"69":0,"70":1,"71":0,"72":1,"73":0,"74":0,"75":0,"76":0,"77":0,"78":0,"79":0,"80":0,"81":0,"82":0,"83":1,"84":0,"85":0,"86":0,"87":0,"88":0,"89":1,"90":0,"91":0,"92":0,"93":1,"94":0,"95":0,"96":0,"97":0,"98":1,"99":0,"100":0,"101":0,"102":0,"103":1,"104":0,"105":0,"106":0,"107":0,"108":0,"109":1,"110":0,"111":0,"112":0,"113":1,"114":0,"115":1,"116":0,"117":1,"118":0,"119":1,"120":0,"121":1,"122":0,"123":0,"124":0,"125":0,"126":0,"127":0,"128":1,"129":0,"130":1,"131":0,"132":1,"133":0,"134":1,"135":0,"136":1,"137":0,"138":0,"139":0,"140":0,"141":0,"142":0,"143":0,"144":0,"145":0,"146":0,"147":0,"148":0,"149":0,"150":0,"151":0,"152":0,"153":0,"154":0,"155":0,"156":1,"157":1,"158":0,"159":0,"160":0,"161":0,"162":0,"163":1,"164":0,"165":0,"166":0,"167":0,"168":0,"169":0,"170":0,"171":0,"172":0,"173":0,"174":0,"175":1,"176":0,"177":1,"178":0,"179":1,"180":0,"181":1,"182":0,"183":0,"184":0,"185":0,"186":1,"187":0,"188":1,"189":0,"190":0,"191":0,"192":0,"193":0,"194":0,"195":0,"196":0,"197":0,"198":0,"199":0,"200":0,"201":0,"202":0,"203":0,"204":0,"205":0,"206":0,"207":0,"208":0,"209":0,"210":0,"211":0,"212":0,"213":0,"214":0,"215":0,"216":0,"217":0,"218":0,"219":0,"220":0,"221":0,"222":0,"223":0,"224":0,"225":0,"226":0,"227":0,"228":1,"229":0,"230":0,"231":0,"232":0,"233":0,"234":0,"235":0,"236":0,"237":0,"238":0,"239":0,"240":0,"241":0,"242":0,"243":0,"244":0,"245":0,"246":0,"247":0,"248":0,"249":0,"250":0,"251":0,"252":0,"253":0,"254":0,"255":0,"256":0,"257":0,"258":0,"259":0,"260":0,"261":0,"262":0,"263":0,"264":0,"265":0,"266":0,"267":0,"268":0,"269":0,"270":0,"271":0,"272":0,"273":0,"274":0,"275":0,"276":0,"277":0,"278":0,"279":0,"280":0,"281":0,"282":0,"283":0,"284":0,"285":1,"286":0,"287":0,"288":0,"289":1,"290":0,"291":1,"292":1,"293":1,"294":1,"295":1,"296":1,"297":1,"298":1,"299":1,"300":0,"301":1,"302":0,"303":0,"304":1,"305":1,"306":1},"b":{"1":[0,0],"2":[0,0],"3":[0,0],"4":[0,0],"5":[0,0],"6":[0,0],"7":[0,0],"8":[0,0],"9":[0,0],"10":[0,0],"11":[0,0],"12":[0,0],"13":[0,0],"14":[0,0],"15":[0,0],"16":[0,0],"17":[0,0],"18":[0,0],"19":[0,0],"20":[0,0],"21":[0,0],"22":[0,0],"23":[0,0],"24":[0,0],"25":[0,0],"26":[0,0],"27":[0,0],"28":[0,0],"29":[0,0],"30":[0,0],"31":[0,0],"32":[0,0],"33":[0,0],"34":[0,0],"35":[0,0,0,0],"36":[0,0],"37":[0,0],"38":[0,0],"39":[0,0],"40":[0,0],"41":[0,0],"42":[0,0],"43":[0,0],"44":[0,0],"45":[0,0],"46":[0,0],"47":[0,0],"48":[0,0],"49":[0,0],"50":[0,0],"51":[0,0],"52":[0,0],"53":[0,0],"54":[0,0],"55":[0,0],"56":[0,0],"57":[0,0],"58":[0,0],"59":[0,0],"60":[0,0],"61":[0,0],"62":[0,0],"63":[0,0],"64":[0,0],"65":[0,0],"66":[0,0]},"f":{"1":0,"2":0,"3":0,"4":0,"5":0,"6":0,"7":0,"8":0,"9":0,"10":0,"11":0,"12":0,"13":0,"14":0,"15":0,"16":0,"17":0,"18":0,"19":0,"20":0,"21":0,"22":0,"23":0,"24":0,"25":0,"26":0,"27":0,"28":0,"29":0,"30":0,"31":0,"32":0,"33":0,"34":0,"35":0,"36":0,"37":0,"38":0,"39":0,"40":0,"41":0,"42":0,"43":0,"44":0,"45":0,"46":0,"47":0,"48":0,"49":0,"50":0,"51":0,"52":0,"53":0,"54":0,"55":0,"56":0,"57":0,"58":0,"59":0,"60":0,"61":0,"62":0,"63":0,"64":0},"fnMap":{"1":{"name":"Element","line":28,"loc":{"start":{"line":28,"column":0},"end":{"line":29,"column":0}}},"2":{"name":"(anonymous_2)","line":42,"loc":{"start":{"line":42,"column":29},"end":{"line":43,"column":0}}},"3":{"name":"(anonymous_3)","line":47,"loc":{"start":{"line":47,"column":32},"end":{"line":48,"column":0}}},"4":{"name":"(anonymous_4)","line":52,"loc":{"start":{"line":52,"column":24},"end":{"line":53,"column":0}}},"5":{"name":"(anonymous_5)","line":57,"loc":{"start":{"line":57,"column":28},"end":{"line":58,"column":0}}},"6":{"name":"(anonymous_6)","line":62,"loc":{"start":{"line":62,"column":28},"end":{"line":63,"column":0}}},"7":{"name":"(anonymous_7)","line":67,"loc":{"start":{"line":67,"column":28},"end":{"line":68,"column":0}}},"8":{"name":"(anonymous_8)","line":72,"loc":{"start":{"line":72,"column":29},"end":{"line":73,"column":0}}},"9":{"name":"(anonymous_9)","line":77,"loc":{"start":{"line":77,"column":29},"end":{"line":78,"column":0}}},"10":{"name":"(anonymous_10)","line":86,"loc":{"start":{"line":86,"column":29},"end":{"line":87,"column":0}}},"11":{"name":"(anonymous_11)","line":91,"loc":{"start":{"line":91,"column":27},"end":{"line":92,"column":0}}},"12":{"name":"(anonymous_12)","line":96,"loc":{"start":{"line":96,"column":27},"end":{"line":97,"column":0}}},"13":{"name":"(anonymous_13)","line":101,"loc":{"start":{"line":101,"column":27},"end":{"line":102,"column":0}}},"14":{"name":"(anonymous_14)","line":106,"loc":{"start":{"line":106,"column":27},"end":{"line":107,"column":0}}},"15":{"name":"(anonymous_15)","line":108,"loc":{"start":{"line":108,"column":41},"end":{"line":108,"column":53}}},"16":{"name":"(anonymous_16)","line":117,"loc":{"start":{"line":117,"column":32},"end":{"line":117,"column":43}}},"17":{"name":"(anonymous_17)","line":121,"loc":{"start":{"line":121,"column":25},"end":{"line":122,"column":0}}},"18":{"name":"(anonymous_18)","line":126,"loc":{"start":{"line":126,"column":29},"end":{"line":127,"column":0}}},"19":{"name":"(anonymous_19)","line":131,"loc":{"start":{"line":131,"column":28},"end":{"line":132,"column":0}}},"20":{"name":"(anonymous_20)","line":136,"loc":{"start":{"line":136,"column":26},"end":{"line":137,"column":0}}},"21":{"name":"(anonymous_21)","line":144,"loc":{"start":{"line":144,"column":24},"end":{"line":145,"column":0}}},"22":{"name":"(anonymous_22)","line":154,"loc":{"start":{"line":154,"column":24},"end":{"line":155,"column":0}}},"23":{"name":"(anonymous_23)","line":159,"loc":{"start":{"line":159,"column":25},"end":{"line":160,"column":0}}},"24":{"name":"(anonymous_24)","line":164,"loc":{"start":{"line":164,"column":26},"end":{"line":165,"column":0}}},"25":{"name":"(anonymous_25)","line":173,"loc":{"start":{"line":173,"column":25},"end":{"line":174,"column":0}}},"26":{"name":"(anonymous_26)","line":188,"loc":{"start":{"line":188,"column":20},"end":{"line":188,"column":32}}},"27":{"name":"(anonymous_27)","line":194,"loc":{"start":{"line":194,"column":29},"end":{"line":195,"column":0}}},"28":{"name":"(anonymous_28)","line":196,"loc":{"start":{"line":196,"column":18},"end":{"line":196,"column":30}}},"29":{"name":"SubElement","line":208,"loc":{"start":{"line":208,"column":0},"end":{"line":208,"column":41}}},"30":{"name":"Comment","line":214,"loc":{"start":{"line":214,"column":0},"end":{"line":214,"column":23}}},"31":{"name":"CData","line":222,"loc":{"start":{"line":222,"column":0},"end":{"line":222,"column":21}}},"32":{"name":"ProcessingInstruction","line":230,"loc":{"start":{"line":230,"column":0},"end":{"line":231,"column":0}}},"33":{"name":"QName","line":240,"loc":{"start":{"line":240,"column":0},"end":{"line":241,"column":0}}},"34":{"name":"(anonymous_34)","line":248,"loc":{"start":{"line":248,"column":27},"end":{"line":248,"column":38}}},"35":{"name":"ElementTree","line":252,"loc":{"start":{"line":252,"column":0},"end":{"line":253,"column":0}}},"36":{"name":"(anonymous_36)","line":257,"loc":{"start":{"line":257,"column":32},"end":{"line":257,"column":43}}},"37":{"name":"(anonymous_37)","line":261,"loc":{"start":{"line":261,"column":33},"end":{"line":261,"column":51}}},"38":{"name":"(anonymous_38)","line":265,"loc":{"start":{"line":265,"column":30},"end":{"line":265,"column":55}}},"39":{"name":"(anonymous_39)","line":276,"loc":{"start":{"line":276,"column":29},"end":{"line":276,"column":53}}},"40":{"name":"(anonymous_40)","line":280,"loc":{"start":{"line":280,"column":29},"end":{"line":280,"column":44}}},"41":{"name":"(anonymous_41)","line":284,"loc":{"start":{"line":284,"column":33},"end":{"line":284,"column":58}}},"42":{"name":"(anonymous_42)","line":288,"loc":{"start":{"line":288,"column":32},"end":{"line":288,"column":47}}},"43":{"name":"(anonymous_43)","line":295,"loc":{"start":{"line":295,"column":30},"end":{"line":295,"column":48}}},"44":{"name":"(anonymous_44)","line":325,"loc":{"start":{"line":325,"column":21},"end":{"line":325,"column":36}}},"45":{"name":"register_namespace","line":351,"loc":{"start":{"line":351,"column":0},"end":{"line":351,"column":41}}},"46":{"name":"_escape","line":364,"loc":{"start":{"line":364,"column":0},"end":{"line":364,"column":54}}},"47":{"name":"_escape_attrib","line":382,"loc":{"start":{"line":382,"column":0},"end":{"line":382,"column":40}}},"48":{"name":"_escape_cdata","line":386,"loc":{"start":{"line":386,"column":0},"end":{"line":386,"column":39}}},"49":{"name":"_escape_text","line":390,"loc":{"start":{"line":390,"column":0},"end":{"line":390,"column":38}}},"50":{"name":"_namespaces","line":394,"loc":{"start":{"line":394,"column":0},"end":{"line":394,"column":56}}},"51":{"name":"encode","line":402,"loc":{"start":{"line":402,"column":2},"end":{"line":402,"column":24}}},"52":{"name":"add_qname","line":406,"loc":{"start":{"line":406,"column":2},"end":{"line":406,"column":28}}},"53":{"name":"(anonymous_53)","line":440,"loc":{"start":{"line":440,"column":18},"end":{"line":440,"column":30}}},"54":{"name":"(anonymous_54)","line":460,"loc":{"start":{"line":460,"column":18},"end":{"line":460,"column":33}}},"55":{"name":"_serialize_xml","line":479,"loc":{"start":{"line":479,"column":0},"end":{"line":479,"column":90}}},"56":{"name":"(anonymous_56)","line":504,"loc":{"start":{"line":504,"column":16},"end":{"line":504,"column":28}}},"57":{"name":"(anonymous_57)","line":515,"loc":{"start":{"line":515,"column":22},"end":{"line":515,"column":37}}},"58":{"name":"(anonymous_58)","line":534,"loc":{"start":{"line":534,"column":21},"end":{"line":534,"column":36}}},"59":{"name":"(anonymous_59)","line":536,"loc":{"start":{"line":536,"column":24},"end":{"line":536,"column":39}}},"60":{"name":"(anonymous_60)","line":562,"loc":{"start":{"line":562,"column":31},"end":{"line":562,"column":43}}},"61":{"name":"parse","line":582,"loc":{"start":{"line":582,"column":0},"end":{"line":582,"column":31}}},"62":{"name":"tostring","line":588,"loc":{"start":{"line":588,"column":0},"end":{"line":588,"column":36}}},"63":{"name":"(anonymous_63)","line":600,"loc":{"start":{"line":600,"column":18},"end":{"line":600,"column":40}}},"64":{"name":"(anonymous_64)","line":604,"loc":{"start":{"line":604,"column":14},"end":{"line":604,"column":29}}}},"statementMap":{"1":{"start":{"line":18,"column":0},"end":{"line":18,"column":43}},"2":{"start":{"line":20,"column":0},"end":{"line":20,"column":31}},"3":{"start":{"line":21,"column":0},"end":{"line":21,"column":43}},"4":{"start":{"line":22,"column":0},"end":{"line":22,"column":55}},"5":{"start":{"line":23,"column":0},"end":{"line":23,"column":48}},"6":{"start":{"line":24,"column":0},"end":{"line":24,"column":39}},"7":{"start":{"line":26,"column":0},"end":{"line":26,"column":20}},"8":{"start":{"line":28,"column":0},"end":{"line":40,"column":1}},"9":{"start":{"line":30,"column":2},"end":{"line":30,"column":27}},"10":{"start":{"line":31,"column":2},"end":{"line":31,"column":17}},"11":{"start":{"line":32,"column":2},"end":{"line":32,"column":19}},"12":{"start":{"line":33,"column":2},"end":{"line":33,"column":19}},"13":{"start":{"line":34,"column":2},"end":{"line":34,"column":19}},"14":{"start":{"line":35,"column":2},"end":{"line":35,"column":22}},"15":{"start":{"line":37,"column":2},"end":{"line":39,"column":3}},"16":{"start":{"line":38,"column":4},"end":{"line":38,"column":51}},"17":{"start":{"line":42,"column":0},"end":{"line":45,"column":2}},"18":{"start":{"line":44,"column":2},"end":{"line":44,"column":59}},"19":{"start":{"line":47,"column":0},"end":{"line":50,"column":2}},"20":{"start":{"line":49,"column":2},"end":{"line":49,"column":34}},"21":{"start":{"line":52,"column":0},"end":{"line":55,"column":2}},"22":{"start":{"line":54,"column":2},"end":{"line":54,"column":31}},"23":{"start":{"line":57,"column":0},"end":{"line":60,"column":2}},"24":{"start":{"line":59,"column":2},"end":{"line":59,"column":31}},"25":{"start":{"line":62,"column":0},"end":{"line":65,"column":2}},"26":{"start":{"line":64,"column":2},"end":{"line":64,"column":34}},"27":{"start":{"line":67,"column":0},"end":{"line":70,"column":2}},"28":{"start":{"line":69,"column":2},"end":{"line":69,"column":34}},"29":{"start":{"line":72,"column":0},"end":{"line":75,"column":2}},"30":{"start":{"line":74,"column":2},"end":{"line":74,"column":43}},"31":{"start":{"line":77,"column":0},"end":{"line":84,"column":2}},"32":{"start":{"line":79,"column":2},"end":{"line":79,"column":8}},"33":{"start":{"line":80,"column":2},"end":{"line":80,"column":12}},"34":{"start":{"line":81,"column":2},"end":{"line":83,"column":3}},"35":{"start":{"line":82,"column":4},"end":{"line":82,"column":36}},"36":{"start":{"line":86,"column":0},"end":{"line":89,"column":2}},"37":{"start":{"line":88,"column":2},"end":{"line":88,"column":45}},"38":{"start":{"line":91,"column":0},"end":{"line":94,"column":2}},"39":{"start":{"line":93,"column":2},"end":{"line":93,"column":31}},"40":{"start":{"line":96,"column":0},"end":{"line":99,"column":2}},"41":{"start":{"line":98,"column":2},"end":{"line":98,"column":34}},"42":{"start":{"line":101,"column":0},"end":{"line":104,"column":2}},"43":{"start":{"line":103,"column":2},"end":{"line":103,"column":34}},"44":{"start":{"line":106,"column":0},"end":{"line":115,"column":2}},"45":{"start":{"line":108,"column":2},"end":{"line":114,"column":5}},"46":{"start":{"line":110,"column":4},"end":{"line":112,"column":5}},"47":{"start":{"line":111,"column":6},"end":{"line":111,"column":19}},"48":{"start":{"line":113,"column":4},"end":{"line":113,"column":16}},"49":{"start":{"line":117,"column":0},"end":{"line":119,"column":2}},"50":{"start":{"line":118,"column":2},"end":{"line":118,"column":24}},"51":{"start":{"line":121,"column":0},"end":{"line":124,"column":2}},"52":{"start":{"line":123,"column":2},"end":{"line":123,"column":38}},"53":{"start":{"line":126,"column":0},"end":{"line":129,"column":2}},"54":{"start":{"line":128,"column":2},"end":{"line":128,"column":52}},"55":{"start":{"line":131,"column":0},"end":{"line":134,"column":2}},"56":{"start":{"line":133,"column":2},"end":{"line":133,"column":51}},"57":{"start":{"line":136,"column":0},"end":{"line":142,"column":2}},"58":{"start":{"line":138,"column":2},"end":{"line":138,"column":19}},"59":{"start":{"line":139,"column":2},"end":{"line":139,"column":22}},"60":{"start":{"line":140,"column":2},"end":{"line":140,"column":19}},"61":{"start":{"line":141,"column":2},"end":{"line":141,"column":19}},"62":{"start":{"line":144,"column":0},"end":{"line":152,"column":2}},"63":{"start":{"line":146,"column":2},"end":{"line":151,"column":3}},"64":{"start":{"line":147,"column":4},"end":{"line":147,"column":28}},"65":{"start":{"line":150,"column":4},"end":{"line":150,"column":20}},"66":{"start":{"line":154,"column":0},"end":{"line":157,"column":2}},"67":{"start":{"line":156,"column":2},"end":{"line":156,"column":27}},"68":{"start":{"line":159,"column":0},"end":{"line":162,"column":2}},"69":{"start":{"line":161,"column":2},"end":{"line":161,"column":34}},"70":{"start":{"line":164,"column":0},"end":{"line":167,"column":2}},"71":{"start":{"line":166,"column":2},"end":{"line":166,"column":34}},"72":{"start":{"line":173,"column":0},"end":{"line":192,"column":2}},"73":{"start":{"line":175,"column":2},"end":{"line":175,"column":18}},"74":{"start":{"line":176,"column":2},"end":{"line":176,"column":15}},"75":{"start":{"line":178,"column":2},"end":{"line":180,"column":3}},"76":{"start":{"line":179,"column":4},"end":{"line":179,"column":15}},"77":{"start":{"line":182,"column":2},"end":{"line":184,"column":3}},"78":{"start":{"line":183,"column":4},"end":{"line":183,"column":19}},"79":{"start":{"line":186,"column":2},"end":{"line":191,"column":3}},"80":{"start":{"line":187,"column":4},"end":{"line":187,"column":30}},"81":{"start":{"line":188,"column":4},"end":{"line":190,"column":7}},"82":{"start":{"line":189,"column":6},"end":{"line":189,"column":18}},"83":{"start":{"line":194,"column":0},"end":{"line":205,"column":2}},"84":{"start":{"line":196,"column":2},"end":{"line":204,"column":5}},"85":{"start":{"line":197,"column":4},"end":{"line":199,"column":5}},"86":{"start":{"line":198,"column":6},"end":{"line":198,"column":23}},"87":{"start":{"line":201,"column":4},"end":{"line":203,"column":5}},"88":{"start":{"line":202,"column":6},"end":{"line":202,"column":23}},"89":{"start":{"line":208,"column":0},"end":{"line":212,"column":1}},"90":{"start":{"line":209,"column":2},"end":{"line":209,"column":48}},"91":{"start":{"line":210,"column":2},"end":{"line":210,"column":25}},"92":{"start":{"line":211,"column":2},"end":{"line":211,"column":17}},"93":{"start":{"line":214,"column":0},"end":{"line":220,"column":1}},"94":{"start":{"line":215,"column":2},"end":{"line":215,"column":37}},"95":{"start":{"line":216,"column":2},"end":{"line":218,"column":3}},"96":{"start":{"line":217,"column":4},"end":{"line":217,"column":24}},"97":{"start":{"line":219,"column":2},"end":{"line":219,"column":17}},"98":{"start":{"line":222,"column":0},"end":{"line":228,"column":1}},"99":{"start":{"line":223,"column":2},"end":{"line":223,"column":35}},"100":{"start":{"line":224,"column":2},"end":{"line":226,"column":3}},"101":{"start":{"line":225,"column":4},"end":{"line":225,"column":24}},"102":{"start":{"line":227,"column":2},"end":{"line":227,"column":17}},"103":{"start":{"line":230,"column":0},"end":{"line":238,"column":1}},"104":{"start":{"line":232,"column":2},"end":{"line":232,"column":51}},"105":{"start":{"line":233,"column":2},"end":{"line":233,"column":24}},"106":{"start":{"line":234,"column":2},"end":{"line":236,"column":3}},"107":{"start":{"line":235,"column":4},"end":{"line":235,"column":45}},"108":{"start":{"line":237,"column":2},"end":{"line":237,"column":17}},"109":{"start":{"line":240,"column":0},"end":{"line":246,"column":1}},"110":{"start":{"line":242,"column":2},"end":{"line":244,"column":3}},"111":{"start":{"line":243,"column":4},"end":{"line":243,"column":54}},"112":{"start":{"line":245,"column":2},"end":{"line":245,"column":26}},"113":{"start":{"line":248,"column":0},"end":{"line":250,"column":2}},"114":{"start":{"line":249,"column":2},"end":{"line":249,"column":19}},"115":{"start":{"line":252,"column":0},"end":{"line":255,"column":1}},"116":{"start":{"line":254,"column":2},"end":{"line":254,"column":23}},"117":{"start":{"line":257,"column":0},"end":{"line":259,"column":2}},"118":{"start":{"line":258,"column":2},"end":{"line":258,"column":20}},"119":{"start":{"line":261,"column":0},"end":{"line":263,"column":2}},"120":{"start":{"line":262,"column":2},"end":{"line":262,"column":23}},"121":{"start":{"line":265,"column":0},"end":{"line":274,"column":2}},"122":{"start":{"line":266,"column":2},"end":{"line":269,"column":3}},"123":{"start":{"line":267,"column":4},"end":{"line":267,"column":50}},"124":{"start":{"line":268,"column":4},"end":{"line":268,"column":53}},"125":{"start":{"line":271,"column":2},"end":{"line":271,"column":22}},"126":{"start":{"line":272,"column":2},"end":{"line":272,"column":30}},"127":{"start":{"line":273,"column":2},"end":{"line":273,"column":20}},"128":{"start":{"line":276,"column":0},"end":{"line":278,"column":2}},"129":{"start":{"line":277,"column":2},"end":{"line":277,"column":33}},"130":{"start":{"line":280,"column":0},"end":{"line":282,"column":2}},"131":{"start":{"line":281,"column":2},"end":{"line":281,"column":31}},"132":{"start":{"line":284,"column":0},"end":{"line":286,"column":2}},"133":{"start":{"line":285,"column":2},"end":{"line":285,"column":45}},"134":{"start":{"line":288,"column":0},"end":{"line":290,"column":2}},"135":{"start":{"line":289,"column":2},"end":{"line":289,"column":34}},"136":{"start":{"line":295,"column":0},"end":{"line":336,"column":2}},"137":{"start":{"line":296,"column":2},"end":{"line":296,"column":14}},"138":{"start":{"line":297,"column":2},"end":{"line":301,"column":29}},"139":{"start":{"line":303,"column":2},"end":{"line":305,"column":3}},"140":{"start":{"line":304,"column":4},"end":{"line":304,"column":72}},"141":{"start":{"line":307,"column":2},"end":{"line":333,"column":3}},"142":{"start":{"line":308,"column":4},"end":{"line":308,"column":46}},"143":{"start":{"line":311,"column":4},"end":{"line":311,"column":50}},"144":{"start":{"line":312,"column":4},"end":{"line":312,"column":81}},"145":{"start":{"line":313,"column":4},"end":{"line":313,"column":18}},"146":{"start":{"line":314,"column":4},"end":{"line":314,"column":22}},"147":{"start":{"line":316,"column":4},"end":{"line":322,"column":5}},"148":{"start":{"line":317,"column":6},"end":{"line":317,"column":17}},"149":{"start":{"line":318,"column":6},"end":{"line":318,"column":62}},"150":{"start":{"line":321,"column":6},"end":{"line":321,"column":21}},"151":{"start":{"line":324,"column":4},"end":{"line":332,"column":5}},"152":{"start":{"line":325,"column":6},"end":{"line":327,"column":82}},"153":{"start":{"line":326,"column":8},"end":{"line":326,"column":22}},"154":{"start":{"line":331,"column":6},"end":{"line":331,"column":71}},"155":{"start":{"line":335,"column":2},"end":{"line":335,"column":21}},"156":{"start":{"line":338,"column":0},"end":{"line":349,"column":2}},"157":{"start":{"line":351,"column":0},"end":{"line":361,"column":1}},"158":{"start":{"line":352,"column":2},"end":{"line":354,"column":3}},"159":{"start":{"line":353,"column":4},"end":{"line":353,"column":63}},"160":{"start":{"line":356,"column":2},"end":{"line":358,"column":3}},"161":{"start":{"line":357,"column":4},"end":{"line":357,"column":31}},"162":{"start":{"line":360,"column":2},"end":{"line":360,"column":31}},"163":{"start":{"line":364,"column":0},"end":{"line":379,"column":1}},"164":{"start":{"line":365,"column":2},"end":{"line":377,"column":3}},"165":{"start":{"line":366,"column":4},"end":{"line":366,"column":27}},"166":{"start":{"line":367,"column":4},"end":{"line":367,"column":39}},"167":{"start":{"line":368,"column":4},"end":{"line":368,"column":38}},"168":{"start":{"line":369,"column":4},"end":{"line":369,"column":38}},"169":{"start":{"line":370,"column":4},"end":{"line":373,"column":5}},"170":{"start":{"line":371,"column":8},"end":{"line":371,"column":44}},"171":{"start":{"line":372,"column":8},"end":{"line":372,"column":44}},"172":{"start":{"line":374,"column":4},"end":{"line":376,"column":5}},"173":{"start":{"line":375,"column":6},"end":{"line":375,"column":42}},"174":{"start":{"line":378,"column":2},"end":{"line":378,"column":14}},"175":{"start":{"line":382,"column":0},"end":{"line":384,"column":1}},"176":{"start":{"line":383,"column":2},"end":{"line":383,"column":39}},"177":{"start":{"line":386,"column":0},"end":{"line":388,"column":1}},"178":{"start":{"line":387,"column":2},"end":{"line":387,"column":40}},"179":{"start":{"line":390,"column":0},"end":{"line":392,"column":1}},"180":{"start":{"line":391,"column":2},"end":{"line":391,"column":46}},"181":{"start":{"line":394,"column":0},"end":{"line":477,"column":1}},"182":{"start":{"line":395,"column":2},"end":{"line":395,"column":18}},"183":{"start":{"line":396,"column":2},"end":{"line":396,"column":22}},"184":{"start":{"line":398,"column":2},"end":{"line":400,"column":3}},"185":{"start":{"line":399,"column":4},"end":{"line":399,"column":39}},"186":{"start":{"line":402,"column":2},"end":{"line":404,"column":3}},"187":{"start":{"line":403,"column":4},"end":{"line":403,"column":16}},"188":{"start":{"line":406,"column":2},"end":{"line":437,"column":3}},"189":{"start":{"line":407,"column":4},"end":{"line":436,"column":5}},"190":{"start":{"line":408,"column":6},"end":{"line":408,"column":49}},"191":{"start":{"line":409,"column":6},"end":{"line":409,"column":23}},"192":{"start":{"line":410,"column":6},"end":{"line":410,"column":23}},"193":{"start":{"line":411,"column":6},"end":{"line":411,"column":35}},"194":{"start":{"line":413,"column":6},"end":{"line":421,"column":7}},"195":{"start":{"line":414,"column":8},"end":{"line":414,"column":37}},"196":{"start":{"line":415,"column":8},"end":{"line":417,"column":9}},"197":{"start":{"line":416,"column":10},"end":{"line":416,"column":57}},"198":{"start":{"line":418,"column":8},"end":{"line":420,"column":9}},"199":{"start":{"line":419,"column":10},"end":{"line":419,"column":35}},"200":{"start":{"line":423,"column":6},"end":{"line":428,"column":7}},"201":{"start":{"line":424,"column":8},"end":{"line":424,"column":54}},"202":{"start":{"line":427,"column":8},"end":{"line":427,"column":28}},"203":{"start":{"line":431,"column":6},"end":{"line":433,"column":7}},"204":{"start":{"line":432,"column":8},"end":{"line":432,"column":88}},"205":{"start":{"line":435,"column":6},"end":{"line":435,"column":28}},"206":{"start":{"line":440,"column":2},"end":{"line":475,"column":5}},"207":{"start":{"line":441,"column":4},"end":{"line":441,"column":10}},"208":{"start":{"line":442,"column":4},"end":{"line":442,"column":20}},"209":{"start":{"line":443,"column":4},"end":{"line":443,"column":22}},"210":{"start":{"line":444,"column":4},"end":{"line":444,"column":26}},"211":{"start":{"line":446,"column":4},"end":{"line":454,"column":5}},"212":{"start":{"line":447,"column":6},"end":{"line":447,"column":26}},"213":{"start":{"line":449,"column":9},"end":{"line":454,"column":5}},"214":{"start":{"line":450,"column":6},"end":{"line":450,"column":21}},"215":{"start":{"line":452,"column":9},"end":{"line":454,"column":5}},"216":{"start":{"line":453,"column":6},"end":{"line":453,"column":67}},"217":{"start":{"line":456,"column":4},"end":{"line":458,"column":5}},"218":{"start":{"line":457,"column":6},"end":{"line":457,"column":27}},"219":{"start":{"line":460,"column":4},"end":{"line":474,"column":7}},"220":{"start":{"line":461,"column":6},"end":{"line":462,"column":26}},"221":{"start":{"line":463,"column":6},"end":{"line":465,"column":7}},"222":{"start":{"line":464,"column":8},"end":{"line":464,"column":23}},"223":{"start":{"line":467,"column":6},"end":{"line":469,"column":7}},"224":{"start":{"line":468,"column":8},"end":{"line":468,"column":23}},"225":{"start":{"line":471,"column":6},"end":{"line":473,"column":7}},"226":{"start":{"line":472,"column":8},"end":{"line":472,"column":30}},"227":{"start":{"line":476,"column":2},"end":{"line":476,"column":30}},"228":{"start":{"line":479,"column":0},"end":{"line":580,"column":1}},"229":{"start":{"line":480,"column":2},"end":{"line":480,"column":21}},"230":{"start":{"line":481,"column":2},"end":{"line":481,"column":23}},"231":{"start":{"line":482,"column":2},"end":{"line":482,"column":12}},"232":{"start":{"line":483,"column":2},"end":{"line":483,"column":8}},"233":{"start":{"line":485,"column":2},"end":{"line":485,"column":42}},"234":{"start":{"line":486,"column":2},"end":{"line":486,"column":47}},"235":{"start":{"line":488,"column":2},"end":{"line":575,"column":3}},"236":{"start":{"line":489,"column":4},"end":{"line":489,"column":63}},"237":{"start":{"line":491,"column":7},"end":{"line":575,"column":3}},"238":{"start":{"line":492,"column":4},"end":{"line":492,"column":60}},"239":{"start":{"line":494,"column":7},"end":{"line":575,"column":3}},"240":{"start":{"line":495,"column":4},"end":{"line":495,"column":22}},"241":{"start":{"line":496,"column":4},"end":{"line":496,"column":43}},"242":{"start":{"line":499,"column":4},"end":{"line":499,"column":22}},"243":{"start":{"line":500,"column":4},"end":{"line":574,"column":5}},"244":{"start":{"line":501,"column":6},"end":{"line":503,"column":7}},"245":{"start":{"line":502,"column":8},"end":{"line":502,"column":44}},"246":{"start":{"line":504,"column":6},"end":{"line":506,"column":9}},"247":{"start":{"line":505,"column":8},"end":{"line":505,"column":103}},"248":{"start":{"line":509,"column":6},"end":{"line":509,"column":23}},"249":{"start":{"line":510,"column":6},"end":{"line":510,"column":27}},"250":{"start":{"line":512,"column":6},"end":{"line":547,"column":7}},"251":{"start":{"line":513,"column":8},"end":{"line":513,"column":21}},"252":{"start":{"line":515,"column":8},"end":{"line":530,"column":11}},"253":{"start":{"line":516,"column":10},"end":{"line":517,"column":26}},"254":{"start":{"line":519,"column":12},"end":{"line":521,"column":13}},"255":{"start":{"line":520,"column":14},"end":{"line":520,"column":25}},"256":{"start":{"line":523,"column":12},"end":{"line":528,"column":13}},"257":{"start":{"line":524,"column":14},"end":{"line":524,"column":33}},"258":{"start":{"line":527,"column":14},"end":{"line":527,"column":46}},"259":{"start":{"line":529,"column":12},"end":{"line":529,"column":55}},"260":{"start":{"line":532,"column":8},"end":{"line":546,"column":9}},"261":{"start":{"line":533,"column":10},"end":{"line":533,"column":42}},"262":{"start":{"line":534,"column":10},"end":{"line":534,"column":61}},"263":{"start":{"line":534,"column":38},"end":{"line":534,"column":57}},"264":{"start":{"line":536,"column":10},"end":{"line":545,"column":13}},"265":{"start":{"line":537,"column":12},"end":{"line":538,"column":28}},"266":{"start":{"line":540,"column":12},"end":{"line":542,"column":13}},"267":{"start":{"line":541,"column":14},"end":{"line":541,"column":26}},"268":{"start":{"line":544,"column":12},"end":{"line":544,"column":78}},"269":{"start":{"line":549,"column":6},"end":{"line":573,"column":7}},"270":{"start":{"line":550,"column":8},"end":{"line":552,"column":9}},"271":{"start":{"line":551,"column":12},"end":{"line":551,"column":24}},"272":{"start":{"line":554,"column":8},"end":{"line":554,"column":19}}
[...]
= '/') {","        token = getToken();","      }","","      if (!token) {","        break;","      }","    }","","    _cache[path] = selector;","  }","","  // Execute slector pattern","  result = [elem];","  context = new _SelectorContext(elem);","","  for (i = 0, len = selector.length; i < len; i++) {","    select = selector[i];","    result = select(context, result);","  }","","  return result || [];","}","","function find(element, path) {","  var resultElements = findall(element, path);","","  if (resultElements && resultElements.length > 0) {","    return resultElements[0];","  }","","  return null;","}","","function findtext(element, path, defvalue) {","  var resultElements = findall(element, path);","","  if (resultElements && resultElements.length > 0) {","    return resultElements[0].text;","  }","","  return defvalue;","}","","","exports.find = find;","exports.findall = findall;","exports.findtext = findtext;",""],"l":{"18":1,"20":1,"21":1,"23":1,"25":1,"37":1,"39":1,"40":0,"42":1,"43":0,"45":0,"46":0,"47":0,"48":0,"49":0,"54":0,"57":0,"60":1,"61":1,"62":0,"64":0,"65":0,"66":0,"67":0,"71":0,"74":0,"77":1,"78":1,"79":0,"81":0,"82":0,"83":0,"86":0,"89":0,"92":1,"93":0,"94":0,"96":0,"97":0,"99":0,"100":0,"103":0,"106":1,"107":0,"109":0,"110":0,"111":0,"112":0,"113":0,"118":0,"121":0,"124":1,"125":1,"126":0,"128":0,"129":0,"131":0,"132":0,"133":0,"138":0,"139":0,"141":0,"142":0,"146":0,"149":0,"153":1,"154":0,"155":0,"157":0,"159":0,"161":0,"162":0,"165":0,"166":0,"168":0,"169":0,"170":0,"172":0,"173":0,"175":0,"176":0,"180":0,"183":0,"184":0,"186":0,"187":0,"190":0,"193":0,"194":0,"195":0,"197":0,"198":0,"200":0,"201":0,"205":0,"209":0,"210":0,"213":0,"214":0,"215":0,"217":0,"218":0,"221":0,"222":0,"224":0,"225":0,"227":0,"228":0,"232":0,"236":0,"239":0,"244":1,"253":1,"254":0,"255":0,"258":1,"259":0,"261":0,"262":0,"266":0,"267":0,"270":0,"271":0,"274":0,"275":0,"277":1,"278":0,"281":0,"282":0,"283":0,"284":0,"286":0,"287":0,"290":0,"291":0,"293":0,"294":0,"296":0,"297":0,"300":0,"301":0,"305":0,"309":0,"310":0,"312":0,"313":0,"314":0,"317":0,"320":1,"321":0,"323":0,"324":0,"327":0,"330":1,"331":0,"333":0,"334":0,"337":0,"341":1,"342":1,"343":1}},"/home/travis/build/npmtest/node-npmtest-elementtree/node_modules/elementtree/lib/errors.js":{"path":"/home/travis/build/npmtest/node-npmtest-elementtree/node_modules/elementtree/lib/errors.js","s":{"1":1,"2":1,"3":1,"4":0,"5":0,"6":0,"7":0,"8":1,"9":1},"b":{"1":[0,0]},"f":{"1":0},"fnMap":{"1":{"name":"SyntaxError","line":22,"loc":{"start":{"line":22,"column":0},"end":{"line":22,"column":33}}}},"statementMap":{"1":{"start":{"line":18,"column":0},"end":{"line":18,"column":27}},"2":{"start":{"line":20,"column":0},"end":{"line":20,"column":43}},"3":{"start":{"line":22,"column":0},"end":{"line":27,"column":1}},"4":{"start":{"line":23,"column":2},"end":{"line":23,"column":69}},"5":{"start":{"line":24,"column":2},"end":{"line":24,"column":21}},"6":{"start":{"line":25,"column":2},"end":{"line":25,"column":21}},"7":{"start":{"line":26,"column":2},"end":{"line":26,"column":24}},"8":{"start":{"line":29,"column":0},"end":{"line":29,"column":34}},"9":{"start":{"line":31,"column":0},"end":{"line":31,"column":34}}},"branchMap":{"1":{"line":23,"type":"binary-expr","locations":[{"start":{"line":23,"column":8},"end":{"line":23,"column":11}},{"start":{"line":23,"column":15},"end":{"line":23,"column":68}}]}},"code":["/**"," *  Copyright 2011 Rackspace"," *"," *  Licensed under the Apache License, Version 2.0 (the \"License\");"," *  you may not use this file except in compliance with the License."," *  You may obtain a copy of the License at"," *"," *      http://www.apache.org/licenses/LICENSE-2.0"," *"," *  Unless required by applicable law or agreed to in writing, software"," *  distributed under the License is distributed on an \"AS IS\" BASIS,"," *  WITHOUT WARRANTIES OR CONDITIONS OF ANY KIND, either express or implied."," *  See the License for the specific language governing permissions and"," *  limitations under the License."," *"," */","","var util = require('util');","","var sprintf = require('./sprintf').sprintf;","","function SyntaxError(token, msg) {","  msg = msg || sprintf('Syntax Error at token %s', token.toString());","  this.token = token;","  this.message = msg;","  Error.call(this, msg);","}","","util.inherits(SyntaxError, Error);","","exports.SyntaxError = SyntaxError;",""],"l":{"18":1,"20":1,"22":1,"23":0,"24":0,"25":0,"26":0,"29":1,"31":1}},"/home/travis/build/npmtest/node-npmtest-elementtree/node_modules/elementtree/lib/treebuilder.js":{"path":"/home/travis/build/npmtest/node-npmtest-elementtree/node_modules/elementtree/lib/treebuilder.js","s":{"1":1,"2":0,"3":0,"4":0,"5":0,"6":0,"7":0,"8":0,"9":1,"10":0,"11":1,"12":0,"13":0,"14":0,"15":0,"16":0,"17":0,"18":0,"19":1,"20":0,"21":1,"22":0,"23":0,"24":0,"25":0,"26":0,"27":0,"28":0,"29":1,"30":0,"31":0,"32":0,"33":0,"34":0,"35":0,"36":1},"b":{"1":[0,0],"2":[0,0],"3":[0,0],"4":[0,0],"5":[0,0],"6":[0,0]},"f":{"1":0,"2":0,"3":0,"4":0,"5":0,"6":0},"fnMap":{"1":{"name":"TreeBuilder","line":1,"loc":{"start":{"line":1,"column":0},"end":{"line":1,"column":38}}},"2":{"name":"(anonymous_2)","line":13,"loc":{"start":{"line":13,"column":30},"end":{"line":13,"column":41}}},"3":{"name":"(anonymous_3)","line":17,"loc":{"start":{"line":17,"column":31},"end":{"line":17,"column":42}}},"4":{"name":"(anonymous_4)","line":32,"loc":{"start":{"line":32,"column":29},"end":{"line":32,"column":44}}},"5":{"name":"(anonymous_5)","line":36,"loc":{"start":{"line":36,"column":30},"end":{"line":36,"column":51}}},"6":{"name":"(anonymous_6)","line":50,"loc":{"start":{"line":50,"column":28},"end":{"line":50,"column":42}}}},"statementMap":{"1":{"start":{"line":1,"column":0},"end":{"line":11,"column":1}},"2":{"start":{"line":2,"column":2},"end":{"line":2,"column":18}},"3":{"start":{"line":3,"column":2},"end":{"line":3,"column":18}},"4":{"start":{"line":4,"column":2},"end":{"line":4,"column":20}},"5":{"start":{"line":5,"column":2},"end":{"line":5,"column":20}},"6":{"start":{"line":6,"column":2},"end":{"line":9,"column":3}},"7":{"start":{"line":8,"column":4},"end":{"line":8,"column":55}},"8":{"start":{"line":10,"column":2},"end":{"line":10,"column":34}},"9":{"start":{"line":13,"column":0},"end":{"line":15,"column":2}},"10":{"start":{"line":14,"column":2},"end":{"line":14,"column":20}},"11":{"start":{"line":17,"column":0},"end":{"line":30,"column":2}},"12":{"start":{"line":18,"column":2},"end":{"line":29,"column":3}},"13":{"start":{"line":19,"column":4},"end":{"line":27,"column":5}},"14":{"start":{"line":20,"column":6},"end":{"line":20,"column":37}},"15":{"start":{"line":21,"column":6},"end":{"line":26,"column":7}},"16":{"start":{"line":22,"column":8},"end":{"line":22,"column":31}},"17":{"start":{"line":25,"column":8},"end":{"line":25,"column":31}},"18":{"start":{"line":28,"column":4},"end":{"line":28,"column":20}},"19":{"start":{"line":32,"column":0},"end":{"line":34,"column":2}},"20":{"start":{"line":33,"column":2},"end":{"line":33,"column":24}},"21":{"start":{"line":36,"column":0},"end":{"line":48,"column":2}},"22":{"start":{"line":37,"column":2},"end":{"line":37,"column":16}},"23":{"start":{"line":38,"column":2},"end":{"line":38,"column":39}},"24":{"start":{"line":39,"column":2},"end":{"line":39,"column":20}},"25":{"start":{"line":41,"column":2},"end":{"line":43,"column":3}},"26":{"start":{"line":42,"column":4},"end":{"line":42,"column":51}},"27":{"start":{"line":45,"column":2},"end":{"line":45,"column":24}},"28":{"start":{"line":47,"column":2},"end":{"line":47,"column":20}},"29":{"start":{"line":50,"column":0},"end":{"line":58,"column":2}},"30":{"start":{"line":51,"column":2},"end":{"line":51,"column":16}},"31":{"start":{"line":52,"column":2},"end":{"line":52,"column":32}},"32":{"start":{"line":53,"column":2},"end":{"line":55,"column":3}},"33":{"start":{"line":54,"column":4},"end":{"line":54,"column":40}},"34":{"start":{"line":56,"column":2},"end":{"line":56,"column":17}},"35":{"start":{"line":57,"column":2},"end":{"line":57,"column":20}},"36":{"start":{"line":60,"column":0},"end":{"line":60,"column":34}}},"branchMap":{"1":{"line":6,"type":"if","locations":[{"start":{"line":6,"column":2},"end":{"line":6,"column":2}},{"start":{"line":6,"column":2},"end":{"line":6,"column":2}}]},"2":{"line":18,"type":"if","locations":[{"start":{"line":18,"column":2},"end":{"line":18,"column":2}},{"start":{"line":18,"column":2},"end":{"line":18,"column":2}}]},"3":{"line":19,"type":"if","locations":[{"start":{"line":19,"column":4},"end":{"line":19,"column":4}},{"start":{"line":19,"column":4},"end":{"line":19,"column":4}}]},"4":{"line":21,"type":"if","locations":[{"start":{"line":21,"column":6},"end":{"line":21,"column":6}},{"start":{"line":21,"column":6},"end":{"line":21,"column":6}}]},"5":{"line":41,"type":"if","locations":[{"start":{"line":41,"column":2},"end":{"line":41,"column":2}},{"start":{"line":41,"column":2},"end":{"line":41,"column":2}}]},"6":{"line":53,"type":"if","locations":[{"start":{"line":53,"column":2},"end":{"line":53,"column":2}},{"start":{"line":53,"column":2},"end":{"line":53,"column":2}}]}},"code":["function TreeBuilder(element_factory) {","  this._data = [];","  this._elem = [];","  this._last = null;","  this._tail = null;","  if (!element_factory) {","    /* evil circular dep */","    element_factory = require('./elementtree').Element;","  }","  this._factory = element_factory;","}","","TreeBuilder.prototype.close = function() {","  return this._last;","};","","TreeBuilder.prototype._flush = function() {","  if (this._data) {","    if (this._last !== null) {","      var text = this._data.join(\"\");","      if (this._tail) {","        this._last.tail = text;","      }","      else {","        this._last.text = text;","      }","    }","    this._data = [];","  }","};","","TreeBuilder.prototype.data = function(data) {","  this._data.push(data);","};","","TreeBuilder.prototype.start = function(tag, attrs) {","  this._flush();","  var elem = this._factory(tag, attrs);","  this._last = elem;","","  if (this._elem.length) {","    this._elem[this._elem.length - 1].append(elem);","  }","","  this._elem.push(elem);","","  this._tail = null;","};","","TreeBuilder.prototype.end = function(tag) {","  this._flush();","  this._last = this._elem.pop();","  if (this._last.tag !== tag) {","    throw new Error(\"end tag mismatch\");","  }","  this._tail = 1;","  return this._last;","};","","exports.TreeBuilder = TreeBuilder;",""],"l":{"1":1,"2":0,"3":0,"4":0,"5":0,"6":0,"8":0,"10":0,"13":1,"14":0,"17":1,"18":0,"19":0,"20":0,"21":0,"22":0,"25":0,"28":0,"32":1,"33":0,"36":1,"37":0,"38":0,"39":0,"41":0,"42":0,"45":0,"47":0,"50":1,"51":0,"52":0,"53":0,"54":0,"56":0,"57":0,"60":1}},"/home/travis/build/npmtest/node-npmtest-elementtree/node_modules/elementtree/lib/parser.js":{"path":"/home/travis/build/npmtest/node-npmtest-elementtree/node_modules/elementtree/lib/parser.js","s":{"1":1,"2":1,"3":1,"4":0,"5":0,"6":0,"7":1},"b":{"1":[0,0]},"f":{"1":0},"fnMap":{"1":{"name":"get_parser","line":23,"loc":{"start":{"line":23,"column":0},"end":{"line":23,"column":26}}}},"statementMap":{"1":{"start":{"line":20,"column":0},"end":{"line":20,"column":27}},"2":{"start":{"line":21,"column":0},"end":{"line":21,"column":41}},"3":{"start":{"line":23,"column":0},"end":{"line":30,"column":1}},"4":{"start":{"line":24,"column":2},"end":{"line":29,"column":3}},"5":{"start":{"line":25,"column":4},"end":{"line":25,"column":23}},"6":{"start":{"line":28,"column":4},"end":{"line":28,"column":47}},"7":{"start":{"line":33,"column":0},"end":{"line":33,"column":32}}},"branchMap":{"1":{"line":24,"type":"if","locations":[{"start":{"line":24,"column":2},"end":{"line":24,"column":2}},{"start":{"line":24,"column":2},"end":{"line":24,"column":2}}]}},"code":["/*"," *  Copyright 2011 Rackspace"," *"," *  Licensed under the Apache License, Version 2.0 (the \"License\");"," *  you may not use this file except in compliance with the License."," *  You may obtain a copy of the License at"," *"," *      http://www.apache.org/licenses/LICENSE-2.0"," *"," *  Unless required by applicable law or agreed to in writing, software"," *  distributed under the License is distributed on an \"AS IS\" BASIS,"," *  WITHOUT WARRANTIES OR CONDITIONS OF ANY KIND, either express or implied."," *  See the License for the specific language governing permissions and"," *  limitations under the License."," *"," */","","/* TODO: support node-expat C++ module optionally */","","var util = require('util');","var parsers = require('./parsers/index');","","function get_parser(name) {","  if (name === 'sax') {","    return parsers.sax;","  }","  else {","    throw new Error('Invalid parser: ' + name);","  }","}","","","exports.get_parser = get_parser;",""],"l":{"20":1,"21":1,"23":1,"24":0,"25":0,"28":0,"33":1}},"/home/travis/build/npmtest/node-npmtest-elementtree/node_modules/elementtree/lib/parsers/index.js":{"path":"/home/travis/build/npmtest/node-npmtest-elementtree/node_modules/elementtree/lib/parsers/index.js","s":{"1":1},"b":{},"f":{},"fnMap":{},"statementMap":{"1":{"start":{"line":1,"column":0},"end":{"line":1,"column":31}}},"branchMap":{},"code":["exports.sax = require('./sax');",""],"l":{"1":1}},"/home/travis/build/npmtest/node-npmtest-elementtree/node_modules/elementtree/lib/parsers/sax.js":{"path":"/home/travis/build/npmtest/node-npmtest-elementtree/node_modules/elementtree/lib/parsers/sax.js","s":{"1":1,"2":1,"3":1,"4":1,"5":0,"6":0,"7":0,"8":0,"9":0,"10":0,"11":0,"12":0,"13":0,"14":1,"15":0,"16":1,"17":0,"18":1,"19":0,"20":1,"21":1,"22":1,"23":0,"24":1,"25":0,"26":1,"27":0,"28":1,"29":0,"30":0,"31":1},"b":{"1":[0,0]},"f":{"1":0,"2":0,"3":0,"4":0,"5":0,"6":0,"7":0,"8":0,"9":0,"10":0},"fnMap":{"1":{"name":"XMLParser","line":7,"loc":{"start":{"line":7,"column":0},"end":{"line":7,"column":27}}},"2":{"name":"(anonymous_2)","line":21,"loc":{"start":{"line":21,"column":37},"end":{"line":21,"column":51}}},"3":{"name":"(anonymous_3)","line":25,"loc":{"start":{"line":25,"column":34},"end":{"line":25,"column":49}}},"4":{"name":"(anonymous_4)","line":29,"loc":{"start":{"line":29,"column":35},"end":{"line":29,"column":50}}},"5":{"name":"(anonymous_5)","line":33,"loc":{"start":{"line":33,"column":37},"end":{"line":33,"column":52}}},"6":{"name":"(anonymous_6)","line":36,"loc":{"start":{"line":36,"column":37},"end":{"line":36,"column":55}}},"7":{"name":"(anonymous_7)","line":39,"loc":{"start":{"line":39,"column":38},"end":{"line":39,"column":52}}},"8":{"name":"(anonymous_8)","line":43,"loc":{"start":{"line":43,"column":35},"end":{"line":43,"column":49}}},"9":{"name":"(anonymous_9)","line":47,"loc":{"start":{"line":47,"column":27},"end":{"line":47,"column":43}}},"10":{"name":"(anonymous_10)","line":51,"loc":{"start":{"line":51,"column":28},"end":{"line":51,"column":39}}}},"statementMap":{"1":{"start":{"line":1,"column":0},"end":{"line":1,"column":27}},"2":{"start":{"line":3,"column":0},"end":{"line":3,"column":25}},"3":{"start":{"line":5,"column":0},"end":{"line":5,"column":58}},"4":{"start":{"line":7,"column":0},"end":{"line":19,"column":1}},"5":{"start":{"line":8,"column":2},"end":{"line":8,"column":33}},"6":{"start":{"line":10,"column":2},"end":{"line":10,"column":54}},"7":{"start":{"line":12,"column":2},"end":{"line":12,"column":57}},"8":{"start":{"line":13,"column":2},"end":{"line":13,"column":51}},"9":{"start":{"line":14,"column":2},"end":{"line":14,"column":53}},"10":{"start":{"line":15,"column":2},"end":{"line":15,"column":57}},"11":{"start":{"line":16,"column":2},"end":{"line":16,"column":57}},"12":{"start":{"line":17,"column":2},"end":{"line":17,"column":59}},"13":{"start":{"line":18,"column":2},"end":{"line":18,"column":53}},"14":{"start":{"line":21,"column":0},"end":{"line":23,"column":2}},"15":{"start":{"line":22,"column":2},"end":{"line":22,"column":46}},"16":{"start":{"line":25,"column":0},"end":{"line":27,"column":2}},"17":{"start":{"line":26,"column":2},"end":{"line":26,"column":25}},"18":{"start":{"line":29,"column":0},"end":{"line":31,"column":2}},"19":{"start":{"line":30,"column":2},"end":{"line":30,"column":25}},"20":{"start":{"line":33,"column":0},"end":{"line":34,"column":2}},"21":{"start":{"line":36,"column":0},"end":{"line":37,"column":2}},"22":{"start":{"line":39,"column":0},"end":{"line":41,"column":2}},"23":{"start":{"line":40,"column":2},"end":{"line":40,"column":23}},"24":{"start":{"line":43,"column":0},"end":{"line":45,"column":2}},"25":{"start":{"line":44,"column":2},"end":{"line":44,"column":12}},"26":{"start":{"line":47,"column":0},"end":{"line":49,"column":2}},"27":{"start":{"line":48,"column":2},"end":{"line":48,"column":27}},"28":{"start":{"line":51,"column":0},"end":{"line":54,"column":2}},"29":{"start":{"line":52,"column":2},"end":{"line":52,"column":22}},"30":{"start":{"line":53,"column":2},"end":{"line":53,"column":29}},"31":{"start":{"line":56,"column":0},"end":{"line":56,"column":30}}},"branchMap":{"1":{"line":10,"type":"cond-expr","locations":[{"start":{"line":10,"column":27},"end":{"line":10,"column":33}},{"start":{"line":10,"column":36},"end":{"line":10,"column":53}}]}},"code":["var util = require('util');","","var sax = require('sax');","","var TreeBuilder = require('./../treebuilder').TreeBuilder;","","function XMLParser(target) {","  this.parser = sax.parser(true);","","  this.target = (target) ? target : new TreeBuilder();","","  this.parser.onopentag = this._handleOpenTag.bind(this);","  this.parser.ontext = this._handleText.bind(this);","  this.parser.oncdata = this._handleCdata.bind(this);","  this.parser.ondoctype = this._handleDoctype.bind(this);","  this.parser.oncomment = this._handleComment.bind(this);","  this.parser.onclosetag = this._handleCloseTag.bind(this);","  this.parser.onerror = this._handleError.bind(this);","}","","XMLParser.prototype._handleOpenTag = function(tag) {","  this.target.start(tag.name, tag.attributes);","};","","XMLParser.prototype._handleText = function(text) {","  this.target.data(text);","};","","XMLParser.prototype._handleCdata = function(text) {","  this.target.data(text);","};","","XMLParser.prototype._handleDoctype = function(text) {","};","","XMLParser.prototype._handleComment = function(comment) {","};","","XMLParser.prototype._handleCloseTag = function(tag) {","  this.target.end(tag);","};","","XMLParser.prototype._handleError = function(err) {","  throw err;","};","","XMLParser.prototype.feed = function(chunk) {","  this.parser.write(chunk);","};","","XMLParser.prototype.close = function() {","  this.parser.close();","  return this.target.close();","};","","exports.XMLParser = XMLParser;",""],"l":{"1":1,"3":1,"5":1,"7":1,"8":0,"10":0,"12":0,"13":0,"14":0,"15":0,"16":0,"17":0,"18":0,"21":1,"22":0,"25":1,"26":0,"29":1,"30":0,"33":1,"36":1,"39":1,"40":0,"43":1,"44":0,"47":1,"48":0,"51":1,"52":0,"53":0,"56":1}},"/home/travis/build/npmtest/node-npmtest-elementtree/node_modules/elementtree/lib/constants.js":{"path":"/home/travis/build/npmtest/node-npmtest-elementtree/node_modules/elementtree/lib/constants.js","s":{"1":1,"2":1},"b":{},"f":{},"fnMap":{},"statementMap":{"1":{"start":{"line":18,"column":0},"end":{"line":18,"column":27}},"2":{"start":{"line":20,"column":0},"end":{"line":20,"column":40}}},"branchMap":{},"code":["/*"," *  Copyright 2011 Rackspace"," *"," *  Licensed under the Apache License, Version 2.0 (the \"License\");"," *  you may not use this file except in compliance with the License."," *  You may obtain a copy of the License at"," *"," *      http://www.apache.org/licenses/LICENSE-2.0"," *"," *  Unless required by applicable law or agreed to in writing, software"," *  distributed under the License is distributed on an \"AS IS\" BASIS,"," *  WITHOUT WARRANTIES OR CONDITIONS OF ANY KIND, either express or implied."," *  See the License for the specific language governing permissions and"," *  limitations under the License."," *"," */","","var DEFAULT_PARSER = 'sax';","","exports.DEFAULT_PARSER = DEFAULT_PARSER;",""],"l":{"18":1,"20":1}}}